[DEBUG] 2020-03-20 19:54:06 - SentrifugoDev.CommonLip.LogUtil Read all data from Json file LoginJsonFile.json
[DEBUG] 2020-03-20 19:54:06 - SentrifugoDev.CommonLip.LogUtil Read all data from Json file UserProfileJsonFile.json
[DEBUG] 2020-03-20 19:54:06 - SentrifugoDev.CommonLip.LogUtil Read all data from Json file LeaveRequestTabJsonFile.json
[DEBUG] 2020-03-20 19:54:14 - SentrifugoDev.CommonLip.LogUtil **********Starting execution of a new test**********
[DEBUG] 2020-03-20 19:54:14 - SentrifugoDev.CommonLip.LogUtil Opened Chrome browser
[DEBUG] 2020-03-20 19:54:14 - SentrifugoDev.CommonLip.LogUtil Navigating to http://sentrifugo-prerelease.jetsoftpro.com/
[DEBUG] 2020-03-20 19:54:15 - SentrifugoDev.CommonLip.LogUtil Filled in Email field with data:EMPP0025
[DEBUG] 2020-03-20 19:54:15 - SentrifugoDev.CommonLip.LogUtil Filled in Password field with data:Asdf*2810
[DEBUG] 2020-03-20 19:54:17 - SentrifugoDev.CommonLip.LogUtil Clicked on Login button
[DEBUG] 2020-03-20 19:54:17 - SentrifugoDev.CommonLip.LogUtil Login to system with Empolyee role
[DEBUG] 2020-03-20 19:54:17 - SentrifugoDev.CommonLip.LogUtil Waiting for Home page 
[DEBUG] 2020-03-20 19:54:18 - SentrifugoDev.CommonLip.LogUtil Go to Self Service page
[DEBUG] 2020-03-20 19:54:19 - SentrifugoDev.CommonLip.LogUtil Clicked on My Leave button in Self Service Menu
[DEBUG] 2020-03-20 19:54:19 - SentrifugoDev.CommonLip.LogUtil Clicked on 'Pending Leaves' filter button in My Leave  tab
[DEBUG] 2020-03-20 19:54:19 - SentrifugoDev.CommonLip.LogUtil Selected option by 200in 'Records per page' dropdown
[DEBUG] 2020-03-20 19:54:19 - SentrifugoDev.CommonLip.LogUtil Count of rows in the tabel is = 1
[DEBUG] 2020-03-20 19:54:20 - SentrifugoDev.CommonLip.LogUtil Clicked on Leave Request button in Self Service Menu
[DEBUG] 2020-03-20 19:54:21 - SentrifugoDev.CommonLip.LogUtil Select vacation from 4th till 7th
[DEBUG] 2020-03-20 19:54:21 - SentrifugoDev.CommonLip.LogUtil Clicked on 'Leave Type' DropDown
[DEBUG] 2020-03-20 19:54:21 - SentrifugoDev.CommonLip.LogUtil Clicked on Vacation option in 'Leave Type'
[DEBUG] 2020-03-20 19:54:21 - SentrifugoDev.CommonLip.LogUtil Filled in Reason field in the Create: Leave request Form with data: Reason test success leave
[DEBUG] 2020-03-20 19:54:22 - SentrifugoDev.CommonLip.LogUtil Clicked on 'Apply' button of Leave Request form in Leave Request tab
[DEBUG] 2020-03-20 19:55:05 - SentrifugoDev.CommonLip.LogUtil Select vacation from 4th till 7th
[DEBUG] 2020-03-20 19:55:05 - SentrifugoDev.CommonLip.LogUtil Clicked on 'Leave Type' DropDown
[DEBUG] 2020-03-20 19:55:05 - SentrifugoDev.CommonLip.LogUtil Clicked on Vacation option in 'Leave Type'
[DEBUG] 2020-03-20 19:55:05 - SentrifugoDev.CommonLip.LogUtil Filled in Reason field in the Create: Leave request Form with data: Reason test success leave
[DEBUG] 2020-03-20 19:55:05 - SentrifugoDev.CommonLip.LogUtil Clicked on 'Apply' button of Leave Request form in Leave Request tab
[DEBUG] 2020-03-20 19:55:56 - SentrifugoDev.CommonLip.LogUtil Waiting till the Main Loader disappeared of the page
[DEBUG] 2020-03-20 19:55:56 - SentrifugoDev.CommonLip.LogUtil Getting text Successfully created Leave request message in My Leave tab
[DEBUG] 2020-03-20 19:57:32 - SentrifugoDev.CommonLip.LogUtil Read all data from Json file LoginJsonFile.json
[DEBUG] 2020-03-20 19:57:32 - SentrifugoDev.CommonLip.LogUtil Read all data from Json file UserProfileJsonFile.json
[DEBUG] 2020-03-20 19:57:32 - SentrifugoDev.CommonLip.LogUtil Read all data from Json file LeaveRequestTabJsonFile.json
[DEBUG] 2020-03-20 19:57:36 - SentrifugoDev.CommonLip.LogUtil **********Starting execution of a new test**********
[DEBUG] 2020-03-20 19:57:36 - SentrifugoDev.CommonLip.LogUtil Opened Chrome browser
[DEBUG] 2020-03-20 19:57:36 - SentrifugoDev.CommonLip.LogUtil Navigating to http://sentrifugo-prerelease.jetsoftpro.com/
[DEBUG] 2020-03-20 19:57:36 - SentrifugoDev.CommonLip.LogUtil Filled in Email field with data:EMPP0025
[DEBUG] 2020-03-20 19:57:36 - SentrifugoDev.CommonLip.LogUtil Filled in Password field with data:Asdf*2810
[DEBUG] 2020-03-20 19:57:37 - SentrifugoDev.CommonLip.LogUtil Clicked on Login button
[DEBUG] 2020-03-20 19:57:37 - SentrifugoDev.CommonLip.LogUtil Login to system with Empolyee role
[DEBUG] 2020-03-20 19:57:37 - SentrifugoDev.CommonLip.LogUtil Waiting for Home page 
[DEBUG] 2020-03-20 19:57:38 - SentrifugoDev.CommonLip.LogUtil Go to Self Service page
[DEBUG] 2020-03-20 19:57:38 - SentrifugoDev.CommonLip.LogUtil Clicked on My Leave button in Self Service Menu
[DEBUG] 2020-03-20 19:57:38 - SentrifugoDev.CommonLip.LogUtil Clicked on 'Pending Leaves' filter button in My Leave  tab
[DEBUG] 2020-03-20 19:57:48 - SentrifugoDev.CommonLip.LogUtil I've been waiting 10 seconds element but it is not visible
[DEBUG] 2020-03-20 19:57:49 - SentrifugoDev.CommonLip.LogUtil **********************Can NOT find 'Records per page' dropdown********************** By.XPath: //div[@class='records_number-drop-down']//select
[DEBUG] 2020-03-20 19:57:49 - SentrifugoDev.CommonLip.LogUtil Clicked on 'User Menu' DropDown
[DEBUG] 2020-03-20 19:57:49 - SentrifugoDev.CommonLip.LogUtil Clicked on Logout option in 'User Menu'
[DEBUG] 2020-03-20 19:57:49 - SentrifugoDev.CommonLip.LogUtil Waiting for Login page
[DEBUG] 2020-03-20 19:57:49 - SentrifugoDev.CommonLip.LogUtil Close Chrome browser
[DEBUG] 2020-03-20 19:58:15 - SentrifugoDev.CommonLip.LogUtil Read all data from Json file LoginJsonFile.json
[DEBUG] 2020-03-20 19:58:15 - SentrifugoDev.CommonLip.LogUtil Read all data from Json file UserProfileJsonFile.json
[DEBUG] 2020-03-20 19:58:15 - SentrifugoDev.CommonLip.LogUtil Read all data from Json file LeaveRequestTabJsonFile.json
[DEBUG] 2020-03-20 19:58:20 - SentrifugoDev.CommonLip.LogUtil **********Starting execution of a new test**********
[DEBUG] 2020-03-20 19:58:20 - SentrifugoDev.CommonLip.LogUtil Opened Chrome browser
[DEBUG] 2020-03-20 19:58:20 - SentrifugoDev.CommonLip.LogUtil Navigating to http://sentrifugo-prerelease.jetsoftpro.com/
[DEBUG] 2020-03-20 19:58:20 - SentrifugoDev.CommonLip.LogUtil Filled in Email field with data:EMPP0025
[DEBUG] 2020-03-20 19:58:20 - SentrifugoDev.CommonLip.LogUtil Filled in Password field with data:Asdf*2810
[DEBUG] 2020-03-20 19:58:21 - SentrifugoDev.CommonLip.LogUtil Clicked on Login button
[DEBUG] 2020-03-20 19:58:21 - SentrifugoDev.CommonLip.LogUtil Login to system with Empolyee role
[DEBUG] 2020-03-20 19:58:21 - SentrifugoDev.CommonLip.LogUtil Waiting for Home page 
[DEBUG] 2020-03-20 19:58:21 - SentrifugoDev.CommonLip.LogUtil Go to Self Service page
[DEBUG] 2020-03-20 19:58:21 - SentrifugoDev.CommonLip.LogUtil Clicked on My Leave button in Self Service Menu
[DEBUG] 2020-03-20 19:58:22 - SentrifugoDev.CommonLip.LogUtil Clicked on 'Pending Leaves' filter button in My Leave  tab
[DEBUG] 2020-03-20 19:58:32 - SentrifugoDev.CommonLip.LogUtil I've been waiting 10 seconds element but it is not visible
[DEBUG] 2020-03-20 19:58:32 - SentrifugoDev.CommonLip.LogUtil **********************Can NOT find 'Records per page' dropdown********************** By.XPath: //div[@class='records_number-drop-down']//select
[DEBUG] 2020-03-20 19:59:24 - SentrifugoDev.CommonLip.LogUtil Read all data from Json file LoginJsonFile.json
[DEBUG] 2020-03-20 19:59:24 - SentrifugoDev.CommonLip.LogUtil Read all data from Json file UserProfileJsonFile.json
[DEBUG] 2020-03-20 19:59:24 - SentrifugoDev.CommonLip.LogUtil Read all data from Json file LeaveRequestTabJsonFile.json
[DEBUG] 2020-03-20 19:59:29 - SentrifugoDev.CommonLip.LogUtil **********Starting execution of a new test**********
[DEBUG] 2020-03-20 19:59:29 - SentrifugoDev.CommonLip.LogUtil Opened Chrome browser
[DEBUG] 2020-03-20 19:59:29 - SentrifugoDev.CommonLip.LogUtil Navigating to http://sentrifugo-prerelease.jetsoftpro.com/
[DEBUG] 2020-03-20 19:59:29 - SentrifugoDev.CommonLip.LogUtil Filled in Email field with data:EMPP0025
[DEBUG] 2020-03-20 19:59:29 - SentrifugoDev.CommonLip.LogUtil Filled in Password field with data:Asdf*2810
[DEBUG] 2020-03-20 19:59:31 - SentrifugoDev.CommonLip.LogUtil Clicked on Login button
[DEBUG] 2020-03-20 19:59:31 - SentrifugoDev.CommonLip.LogUtil Login to system with Empolyee role
[DEBUG] 2020-03-20 19:59:31 - SentrifugoDev.CommonLip.LogUtil Waiting for Home page 
[DEBUG] 2020-03-20 19:59:32 - SentrifugoDev.CommonLip.LogUtil Go to Self Service page
[DEBUG] 2020-03-20 19:59:33 - SentrifugoDev.CommonLip.LogUtil Clicked on My Leave button in Self Service Menu
[DEBUG] 2020-03-20 19:59:33 - SentrifugoDev.CommonLip.LogUtil Clicked on 'Pending Leaves' filter button in My Leave  tab
[DEBUG] 2020-03-20 19:59:33 - SentrifugoDev.CommonLip.LogUtil Selected option by 200in 'Records per page' dropdown
[DEBUG] 2020-03-20 19:59:33 - SentrifugoDev.CommonLip.LogUtil Count of rows in the tabel is = 1
[DEBUG] 2020-03-20 19:59:34 - SentrifugoDev.CommonLip.LogUtil Clicked on Leave Request button in Self Service Menu
[DEBUG] 2020-03-20 19:59:35 - SentrifugoDev.CommonLip.LogUtil Select vacation from 4th till 7th
[DEBUG] 2020-03-20 19:59:35 - SentrifugoDev.CommonLip.LogUtil Clicked on 'Leave Type' DropDown
[DEBUG] 2020-03-20 19:59:35 - SentrifugoDev.CommonLip.LogUtil Clicked on Vacation option in 'Leave Type'
[DEBUG] 2020-03-20 19:59:35 - SentrifugoDev.CommonLip.LogUtil Filled in Reason field in the Create: Leave request Form with data: Reason test success leave
[DEBUG] 2020-03-20 19:59:35 - SentrifugoDev.CommonLip.LogUtil Clicked on 'Apply' button of Leave Request form in Leave Request tab
[DEBUG] 2020-03-20 19:59:38 - SentrifugoDev.CommonLip.LogUtil Waiting till the Main Loader disappeared of the page
[DEBUG] 2020-03-20 19:59:38 - SentrifugoDev.CommonLip.LogUtil Getting text Successfully created Leave request message in My Leave tab
[DEBUG] 2020-03-20 19:59:38 - SentrifugoDev.CommonLip.LogUtil Selected option by 200in 'Records per page' dropdown
[DEBUG] 2020-03-20 19:59:38 - SentrifugoDev.CommonLip.LogUtil Count of rows in the tabel is = 2
[DEBUG] 2020-03-20 19:59:38 - SentrifugoDev.CommonLip.LogUtil Got the number of leaves of filter section in My Leave tab
[DEBUG] 2020-03-20 19:59:39 - SentrifugoDev.CommonLip.LogUtil Selected option by 200in 'Records per page' dropdown
[DEBUG] 2020-03-20 19:59:39 - SentrifugoDev.CommonLip.LogUtil Count of rows in the tabel is = 2
[DEBUG] 2020-03-20 19:59:39 - SentrifugoDev.CommonLip.LogUtil Selected option by 200in 'Records per page' dropdown
[DEBUG] 2020-03-20 19:59:39 - SentrifugoDev.CommonLip.LogUtil Count of rows in the tabel is = 2
[DEBUG] 2020-03-20 19:59:39 - SentrifugoDev.CommonLip.LogUtil Clicked on 'User Menu' DropDown
[DEBUG] 2020-03-20 19:59:39 - SentrifugoDev.CommonLip.LogUtil Clicked on Logout option in 'User Menu'
[DEBUG] 2020-03-20 19:59:39 - SentrifugoDev.CommonLip.LogUtil Waiting for Login page
[DEBUG] 2020-03-20 19:59:39 - SentrifugoDev.CommonLip.LogUtil Close Chrome browser
[DEBUG] 2020-03-20 20:00:19 - SentrifugoDev.CommonLip.LogUtil Read all data from Json file LoginJsonFile.json
[DEBUG] 2020-03-20 20:00:19 - SentrifugoDev.CommonLip.LogUtil Read all data from Json file UserProfileJsonFile.json
[DEBUG] 2020-03-20 20:00:19 - SentrifugoDev.CommonLip.LogUtil Read all data from Json file LeaveRequestTabJsonFile.json
[DEBUG] 2020-03-20 20:00:24 - SentrifugoDev.CommonLip.LogUtil **********Starting execution of a new test**********
[DEBUG] 2020-03-20 20:00:24 - SentrifugoDev.CommonLip.LogUtil Opened Chrome browser
[DEBUG] 2020-03-20 20:00:24 - SentrifugoDev.CommonLip.LogUtil Navigating to http://sentrifugo-prerelease.jetsoftpro.com/
[DEBUG] 2020-03-20 20:00:24 - SentrifugoDev.CommonLip.LogUtil Filled in Email field with data:EMPP0025
[DEBUG] 2020-03-20 20:00:24 - SentrifugoDev.CommonLip.LogUtil Filled in Password field with data:Asdf*2810
[DEBUG] 2020-03-20 20:00:25 - SentrifugoDev.CommonLip.LogUtil Clicked on Login button
[DEBUG] 2020-03-20 20:00:25 - SentrifugoDev.CommonLip.LogUtil Login to system with Empolyee role
[DEBUG] 2020-03-20 20:00:25 - SentrifugoDev.CommonLip.LogUtil Waiting for Home page 
[DEBUG] 2020-03-20 20:00:25 - SentrifugoDev.CommonLip.LogUtil Go to Self Service page
[DEBUG] 2020-03-20 20:00:26 - SentrifugoDev.CommonLip.LogUtil Clicked on My Leave button in Self Service Menu
[DEBUG] 2020-03-20 20:00:26 - SentrifugoDev.CommonLip.LogUtil Clicked on 'Pending Leaves' filter button in My Leave  tab
[DEBUG] 2020-03-20 20:00:26 - SentrifugoDev.CommonLip.LogUtil Selected option by 200in 'Records per page' dropdown
[DEBUG] 2020-03-20 20:00:26 - SentrifugoDev.CommonLip.LogUtil Count of rows in the tabel is = 1
[DEBUG] 2020-03-20 20:00:26 - SentrifugoDev.CommonLip.LogUtil Clicked on Leave Request button in Self Service Menu
[DEBUG] 2020-03-20 20:00:27 - SentrifugoDev.CommonLip.LogUtil Select vacation from 4th till 7th
[DEBUG] 2020-03-20 20:00:28 - SentrifugoDev.CommonLip.LogUtil Clicked on 'Leave Type' DropDown
[DEBUG] 2020-03-20 20:00:28 - SentrifugoDev.CommonLip.LogUtil Clicked on Vacation option in 'Leave Type'
[DEBUG] 2020-03-20 20:00:28 - SentrifugoDev.CommonLip.LogUtil Filled in Reason field in the Create: Leave request Form with data: Reason test success leave
[DEBUG] 2020-03-20 20:00:28 - SentrifugoDev.CommonLip.LogUtil Clicked on 'Apply' button of Leave Request form in Leave Request tab
[DEBUG] 2020-03-20 20:00:31 - SentrifugoDev.CommonLip.LogUtil Waiting till the Main Loader disappeared of the page
[DEBUG] 2020-03-20 20:00:31 - SentrifugoDev.CommonLip.LogUtil Getting text Successfully created Leave request message in My Leave tab
[DEBUG] 2020-03-20 20:00:32 - SentrifugoDev.CommonLip.LogUtil Selected option by 200in 'Records per page' dropdown
[DEBUG] 2020-03-20 20:00:32 - SentrifugoDev.CommonLip.LogUtil Count of rows in the tabel is = 2
[DEBUG] 2020-03-20 20:00:32 - SentrifugoDev.CommonLip.LogUtil Got the number of leaves of filter section in My Leave tab
[DEBUG] 2020-03-20 20:00:32 - SentrifugoDev.CommonLip.LogUtil Selected option by 200in 'Records per page' dropdown
[DEBUG] 2020-03-20 20:00:32 - SentrifugoDev.CommonLip.LogUtil Count of rows in the tabel is = 2
[DEBUG] 2020-03-20 20:00:32 - SentrifugoDev.CommonLip.LogUtil Selected option by 200in 'Records per page' dropdown
[DEBUG] 2020-03-20 20:00:32 - SentrifugoDev.CommonLip.LogUtil Count of rows in the tabel is = 2
[DEBUG] 2020-03-20 20:00:50 - SentrifugoDev.CommonLip.LogUtil Clicked on 'User Menu' DropDown
[DEBUG] 2020-03-20 20:00:51 - SentrifugoDev.CommonLip.LogUtil Clicked on Logout option in 'User Menu'
[DEBUG] 2020-03-20 20:00:51 - SentrifugoDev.CommonLip.LogUtil Waiting for Login page
[DEBUG] 2020-03-20 20:00:51 - SentrifugoDev.CommonLip.LogUtil Close Chrome browser
