[DEBUG] 2020-03-24 19:13:12 - SentrifugoDev.CommonLip.LogUtil Read all data from Json file LoginJsonFile.json
[DEBUG] 2020-03-24 19:13:12 - SentrifugoDev.CommonLip.LogUtil Read all data from Json file UserProfileJsonFile.json
[DEBUG] 2020-03-24 19:13:12 - SentrifugoDev.CommonLip.LogUtil Read all data from Json file LeaveRequestTabJsonFile.json
[DEBUG] 2020-03-24 19:13:23 - SentrifugoDev.CommonLip.LogUtil **********Starting execution of a new test**********
[DEBUG] 2020-03-24 19:13:23 - SentrifugoDev.CommonLip.LogUtil Opened Chrome browser
[DEBUG] 2020-03-24 19:13:23 - SentrifugoDev.CommonLip.LogUtil Navigating to http://sentrifugo-prerelease.jetsoftpro.com/
[DEBUG] 2020-03-24 19:13:25 - SentrifugoDev.CommonLip.LogUtil Filled in Email field with data:EMPP0025
[DEBUG] 2020-03-24 19:13:25 - SentrifugoDev.CommonLip.LogUtil Filled in Password field with data:Asdf*2810
[DEBUG] 2020-03-24 19:13:28 - SentrifugoDev.CommonLip.LogUtil Clicked on Login button
[DEBUG] 2020-03-24 19:13:28 - SentrifugoDev.CommonLip.LogUtil Login to system with Empolyee role
[DEBUG] 2020-03-24 19:13:28 - SentrifugoDev.CommonLip.LogUtil Waiting for Home page 
[DEBUG] 2020-03-24 19:13:31 - SentrifugoDev.CommonLip.LogUtil Go to Self Service page
[DEBUG] 2020-03-24 19:13:33 - SentrifugoDev.CommonLip.LogUtil Clicked on My Leave button in Self Service Menu
[DEBUG] 2020-03-24 19:13:33 - SentrifugoDev.CommonLip.LogUtil Clicked on 'All' filter button in My Leave  tab
[DEBUG] 2020-03-24 19:13:33 - SentrifugoDev.CommonLip.LogUtil Got the number of leaves of filter section in My Leave tab
[DEBUG] 2020-03-24 19:13:33 - SentrifugoDev.CommonLip.LogUtil Selected option by 200in 'Records per page' dropdown
[DEBUG] 2020-03-24 19:13:33 - SentrifugoDev.CommonLip.LogUtil Count of rows in the tabel is = 20
[DEBUG] 2020-03-24 19:16:13 - SentrifugoDev.CommonLip.LogUtil Read all data from Json file LoginJsonFile.json
[DEBUG] 2020-03-24 19:16:13 - SentrifugoDev.CommonLip.LogUtil Read all data from Json file UserProfileJsonFile.json
[DEBUG] 2020-03-24 19:16:13 - SentrifugoDev.CommonLip.LogUtil Read all data from Json file LeaveRequestTabJsonFile.json
[DEBUG] 2020-03-24 19:16:18 - SentrifugoDev.CommonLip.LogUtil **********Starting execution of a new test**********
[DEBUG] 2020-03-24 19:16:18 - SentrifugoDev.CommonLip.LogUtil Opened Chrome browser
[DEBUG] 2020-03-24 19:16:18 - SentrifugoDev.CommonLip.LogUtil Navigating to http://sentrifugo-prerelease.jetsoftpro.com/
[DEBUG] 2020-03-24 19:16:18 - SentrifugoDev.CommonLip.LogUtil Filled in Email field with data:EMPP0025
[DEBUG] 2020-03-24 19:16:18 - SentrifugoDev.CommonLip.LogUtil Filled in Password field with data:Asdf*2810
[DEBUG] 2020-03-24 19:16:19 - SentrifugoDev.CommonLip.LogUtil Clicked on Login button
[DEBUG] 2020-03-24 19:16:19 - SentrifugoDev.CommonLip.LogUtil Login to system with Empolyee role
[DEBUG] 2020-03-24 19:16:19 - SentrifugoDev.CommonLip.LogUtil Waiting for Home page 
[DEBUG] 2020-03-24 19:16:19 - SentrifugoDev.CommonLip.LogUtil Go to Self Service page
[DEBUG] 2020-03-24 19:16:20 - SentrifugoDev.CommonLip.LogUtil Clicked on My Leave button in Self Service Menu
[DEBUG] 2020-03-24 19:16:20 - SentrifugoDev.CommonLip.LogUtil Clicked on 'All' filter button in My Leave  tab
[DEBUG] 2020-03-24 19:16:20 - SentrifugoDev.CommonLip.LogUtil Got the number of leaves of filter section in My Leave tab
[DEBUG] 2020-03-24 19:16:20 - SentrifugoDev.CommonLip.LogUtil Selected option by 200in 'Records per page' dropdown
[DEBUG] 2020-03-24 19:16:20 - SentrifugoDev.CommonLip.LogUtil Count of rows in the tabel is = 20
[DEBUG] 2020-03-24 19:16:20 - SentrifugoDev.CommonLip.LogUtil Selected option by 200in 'Records per page' dropdown
[DEBUG] 2020-03-24 19:16:20 - SentrifugoDev.CommonLip.LogUtil Count of rows in the tabel is = 37
[DEBUG] 2020-03-24 19:16:20 - SentrifugoDev.CommonLip.LogUtil Clicked on 'Pending Leaves' filter button in My Leave  tab
[DEBUG] 2020-03-24 19:16:20 - SentrifugoDev.CommonLip.LogUtil Got the number of leaves of filter section in My Leave tab
[DEBUG] 2020-03-24 19:16:21 - SentrifugoDev.CommonLip.LogUtil Selected option by 200in 'Records per page' dropdown
[DEBUG] 2020-03-24 19:16:21 - SentrifugoDev.CommonLip.LogUtil Count of rows in the tabel is = 1
[DEBUG] 2020-03-24 19:17:05 - SentrifugoDev.CommonLip.LogUtil Clicked on 'User Menu' DropDown
[DEBUG] 2020-03-24 19:17:05 - SentrifugoDev.CommonLip.LogUtil Clicked on Logout option in 'User Menu'
[DEBUG] 2020-03-24 19:17:05 - SentrifugoDev.CommonLip.LogUtil Waiting for Login page
[DEBUG] 2020-03-24 19:17:05 - SentrifugoDev.CommonLip.LogUtil Close Chrome browser
[DEBUG] 2020-03-24 19:21:16 - SentrifugoDev.CommonLip.LogUtil Read all data from Json file LoginJsonFile.json
[DEBUG] 2020-03-24 19:21:16 - SentrifugoDev.CommonLip.LogUtil Read all data from Json file UserProfileJsonFile.json
[DEBUG] 2020-03-24 19:21:16 - SentrifugoDev.CommonLip.LogUtil Read all data from Json file LeaveRequestTabJsonFile.json
[DEBUG] 2020-03-24 19:21:22 - SentrifugoDev.CommonLip.LogUtil **********Starting execution of a new test**********
[DEBUG] 2020-03-24 19:21:22 - SentrifugoDev.CommonLip.LogUtil Opened Chrome browser
[DEBUG] 2020-03-24 19:21:22 - SentrifugoDev.CommonLip.LogUtil Navigating to http://sentrifugo-prerelease.jetsoftpro.com/
[DEBUG] 2020-03-24 19:21:22 - SentrifugoDev.CommonLip.LogUtil Filled in Email field with data:EMPP0025
[DEBUG] 2020-03-24 19:21:22 - SentrifugoDev.CommonLip.LogUtil Filled in Password field with data:Asdf*2810
[DEBUG] 2020-03-24 19:21:22 - SentrifugoDev.CommonLip.LogUtil Clicked on Login button
[DEBUG] 2020-03-24 19:21:22 - SentrifugoDev.CommonLip.LogUtil Login to system with Empolyee role
[DEBUG] 2020-03-24 19:21:22 - SentrifugoDev.CommonLip.LogUtil Waiting for Home page 
[DEBUG] 2020-03-24 19:21:23 - SentrifugoDev.CommonLip.LogUtil Go to Self Service page
[DEBUG] 2020-03-24 19:21:23 - SentrifugoDev.CommonLip.LogUtil Clicked on My Leave button in Self Service Menu
[DEBUG] 2020-03-24 19:21:24 - SentrifugoDev.CommonLip.LogUtil Clicked on 'All' filter button in My Leave  tab
[DEBUG] 2020-03-24 19:21:24 - SentrifugoDev.CommonLip.LogUtil Got the number of leaves of filter section in My Leave tab
[DEBUG] 2020-03-24 19:21:24 - SentrifugoDev.CommonLip.LogUtil Selected option by 200in 'Records per page' dropdown
[DEBUG] 2020-03-24 19:21:24 - SentrifugoDev.CommonLip.LogUtil Count of rows in the tabel is = 20
[DEBUG] 2020-03-24 19:21:24 - SentrifugoDev.CommonLip.LogUtil Selected option by 200in 'Records per page' dropdown
[DEBUG] 2020-03-24 19:21:24 - SentrifugoDev.CommonLip.LogUtil Count of rows in the tabel is = 37
[DEBUG] 2020-03-24 19:21:25 - SentrifugoDev.CommonLip.LogUtil Clicked on 'Pending Leaves' filter button in My Leave  tab
[DEBUG] 2020-03-24 19:21:25 - SentrifugoDev.CommonLip.LogUtil Got the number of leaves of filter section in My Leave tab
[DEBUG] 2020-03-24 19:21:25 - SentrifugoDev.CommonLip.LogUtil Selected option by 200in 'Records per page' dropdown
[DEBUG] 2020-03-24 19:21:25 - SentrifugoDev.CommonLip.LogUtil Count of rows in the tabel is = 1
[DEBUG] 2020-03-24 19:22:09 - SentrifugoDev.CommonLip.LogUtil Clicked on 'User Menu' DropDown
[DEBUG] 2020-03-24 19:22:14 - SentrifugoDev.CommonLip.LogUtil Clicked on Logout option in 'User Menu'
[DEBUG] 2020-03-24 19:22:14 - SentrifugoDev.CommonLip.LogUtil Waiting for Login page
[DEBUG] 2020-03-24 19:22:14 - SentrifugoDev.CommonLip.LogUtil Close Chrome browser
[DEBUG] 2020-03-24 19:22:28 - SentrifugoDev.CommonLip.LogUtil Read all data from Json file LoginJsonFile.json
[DEBUG] 2020-03-24 19:22:28 - SentrifugoDev.CommonLip.LogUtil Read all data from Json file UserProfileJsonFile.json
[DEBUG] 2020-03-24 19:22:28 - SentrifugoDev.CommonLip.LogUtil Read all data from Json file LeaveRequestTabJsonFile.json
[DEBUG] 2020-03-24 19:22:34 - SentrifugoDev.CommonLip.LogUtil **********Starting execution of a new test**********
[DEBUG] 2020-03-24 19:22:34 - SentrifugoDev.CommonLip.LogUtil Opened Chrome browser
[DEBUG] 2020-03-24 19:22:34 - SentrifugoDev.CommonLip.LogUtil Navigating to http://sentrifugo-prerelease.jetsoftpro.com/
[DEBUG] 2020-03-24 19:22:34 - SentrifugoDev.CommonLip.LogUtil Filled in Email field with data:EMPP0025
[DEBUG] 2020-03-24 19:22:34 - SentrifugoDev.CommonLip.LogUtil Filled in Password field with data:Asdf*2810
[DEBUG] 2020-03-24 19:22:35 - SentrifugoDev.CommonLip.LogUtil Clicked on Login button
[DEBUG] 2020-03-24 19:22:35 - SentrifugoDev.CommonLip.LogUtil Login to system with Empolyee role
[DEBUG] 2020-03-24 19:22:35 - SentrifugoDev.CommonLip.LogUtil Waiting for Home page 
[DEBUG] 2020-03-24 19:22:35 - SentrifugoDev.CommonLip.LogUtil Go to Self Service page
[DEBUG] 2020-03-24 19:22:36 - SentrifugoDev.CommonLip.LogUtil Clicked on My Leave button in Self Service Menu
[DEBUG] 2020-03-24 19:22:36 - SentrifugoDev.CommonLip.LogUtil Clicked on 'All' filter button in My Leave  tab
[DEBUG] 2020-03-24 19:22:48 - SentrifugoDev.CommonLip.LogUtil Got the number of leaves of filter section in My Leave tab
[DEBUG] 2020-03-24 19:23:13 - SentrifugoDev.CommonLip.LogUtil Selected option by 200in 'Records per page' dropdown
[DEBUG] 2020-03-24 19:23:19 - SentrifugoDev.CommonLip.LogUtil Count of rows in the tabel is = 37
[DEBUG] 2020-03-24 19:23:40 - SentrifugoDev.CommonLip.LogUtil Selected option by 200in 'Records per page' dropdown
[DEBUG] 2020-03-24 19:23:40 - SentrifugoDev.CommonLip.LogUtil Count of rows in the tabel is = 37
[DEBUG] 2020-03-24 19:23:51 - SentrifugoDev.CommonLip.LogUtil Clicked on 'Pending Leaves' filter button in My Leave  tab
[DEBUG] 2020-03-24 19:23:53 - SentrifugoDev.CommonLip.LogUtil Got the number of leaves of filter section in My Leave tab
[DEBUG] 2020-03-24 19:23:53 - SentrifugoDev.CommonLip.LogUtil Selected option by 200in 'Records per page' dropdown
[DEBUG] 2020-03-24 19:23:53 - SentrifugoDev.CommonLip.LogUtil Count of rows in the tabel is = 1
[DEBUG] 2020-03-24 19:23:56 - SentrifugoDev.CommonLip.LogUtil Selected option by 200in 'Records per page' dropdown
[DEBUG] 2020-03-24 19:23:56 - SentrifugoDev.CommonLip.LogUtil Count of rows in the tabel is = 1
[DEBUG] 2020-03-24 19:24:00 - SentrifugoDev.CommonLip.LogUtil Clicked on 'Canceled Leaves' filter button in My Leave  tab
[DEBUG] 2020-03-24 19:24:02 - SentrifugoDev.CommonLip.LogUtil Got the number of leaves of filter section in My Leave tab
[DEBUG] 2020-03-24 19:24:02 - SentrifugoDev.CommonLip.LogUtil Selected option by 200in 'Records per page' dropdown
[DEBUG] 2020-03-24 19:24:02 - SentrifugoDev.CommonLip.LogUtil Count of rows in the tabel is = 20
[DEBUG] 2020-03-24 19:24:28 - SentrifugoDev.CommonLip.LogUtil Clicked on 'User Menu' DropDown
[DEBUG] 2020-03-24 19:24:29 - SentrifugoDev.CommonLip.LogUtil Clicked on Logout option in 'User Menu'
[DEBUG] 2020-03-24 19:24:29 - SentrifugoDev.CommonLip.LogUtil Waiting for Login page
[DEBUG] 2020-03-24 19:24:30 - SentrifugoDev.CommonLip.LogUtil Close Chrome browser
[DEBUG] 2020-03-24 19:25:19 - SentrifugoDev.CommonLip.LogUtil Read all data from Json file LoginJsonFile.json
[DEBUG] 2020-03-24 19:25:19 - SentrifugoDev.CommonLip.LogUtil Read all data from Json file UserProfileJsonFile.json
[DEBUG] 2020-03-24 19:25:19 - SentrifugoDev.CommonLip.LogUtil Read all data from Json file LeaveRequestTabJsonFile.json
[DEBUG] 2020-03-24 19:25:23 - SentrifugoDev.CommonLip.LogUtil **********Starting execution of a new test**********
[DEBUG] 2020-03-24 19:25:23 - SentrifugoDev.CommonLip.LogUtil Opened Chrome browser
[DEBUG] 2020-03-24 19:25:23 - SentrifugoDev.CommonLip.LogUtil Navigating to http://sentrifugo-prerelease.jetsoftpro.com/
[DEBUG] 2020-03-24 19:25:24 - SentrifugoDev.CommonLip.LogUtil Filled in Email field with data:EMPP0025
[DEBUG] 2020-03-24 19:25:24 - SentrifugoDev.CommonLip.LogUtil Filled in Password field with data:Asdf*2810
[DEBUG] 2020-03-24 19:25:24 - SentrifugoDev.CommonLip.LogUtil Clicked on Login button
[DEBUG] 2020-03-24 19:25:24 - SentrifugoDev.CommonLip.LogUtil Login to system with Empolyee role
[DEBUG] 2020-03-24 19:25:24 - SentrifugoDev.CommonLip.LogUtil Waiting for Home page 
[DEBUG] 2020-03-24 19:25:25 - SentrifugoDev.CommonLip.LogUtil Go to Self Service page
[DEBUG] 2020-03-24 19:25:25 - SentrifugoDev.CommonLip.LogUtil Clicked on My Leave button in Self Service Menu
[DEBUG] 2020-03-24 19:25:25 - SentrifugoDev.CommonLip.LogUtil Clicked on 'All' filter button in My Leave  tab
[DEBUG] 2020-03-24 19:25:25 - SentrifugoDev.CommonLip.LogUtil Got the number of leaves of filter section in My Leave tab
[DEBUG] 2020-03-24 19:25:26 - SentrifugoDev.CommonLip.LogUtil Selected option by 200in 'Records per page' dropdown
[DEBUG] 2020-03-24 19:25:26 - SentrifugoDev.CommonLip.LogUtil Count of rows in the tabel is = 20
[DEBUG] 2020-03-24 19:25:26 - SentrifugoDev.CommonLip.LogUtil Clicked on 'User Menu' DropDown
[DEBUG] 2020-03-24 19:25:26 - SentrifugoDev.CommonLip.LogUtil Clicked on Logout option in 'User Menu'
[DEBUG] 2020-03-24 19:25:26 - SentrifugoDev.CommonLip.LogUtil Waiting for Login page
[DEBUG] 2020-03-24 19:25:26 - SentrifugoDev.CommonLip.LogUtil Close Chrome browser
[DEBUG] 2020-03-24 19:25:54 - SentrifugoDev.CommonLip.LogUtil Read all data from Json file LoginJsonFile.json
[DEBUG] 2020-03-24 19:25:54 - SentrifugoDev.CommonLip.LogUtil Read all data from Json file UserProfileJsonFile.json
[DEBUG] 2020-03-24 19:25:54 - SentrifugoDev.CommonLip.LogUtil Read all data from Json file LeaveRequestTabJsonFile.json
[DEBUG] 2020-03-24 19:25:58 - SentrifugoDev.CommonLip.LogUtil **********Starting execution of a new test**********
[DEBUG] 2020-03-24 19:25:58 - SentrifugoDev.CommonLip.LogUtil Opened Chrome browser
[DEBUG] 2020-03-24 19:25:58 - SentrifugoDev.CommonLip.LogUtil Navigating to http://sentrifugo-prerelease.jetsoftpro.com/
[DEBUG] 2020-03-24 19:25:58 - SentrifugoDev.CommonLip.LogUtil Filled in Email field with data:EMPP0025
[DEBUG] 2020-03-24 19:25:58 - SentrifugoDev.CommonLip.LogUtil Filled in Password field with data:Asdf*2810
[DEBUG] 2020-03-24 19:26:04 - SentrifugoDev.CommonLip.LogUtil Clicked on Login button
[DEBUG] 2020-03-24 19:26:04 - SentrifugoDev.CommonLip.LogUtil Login to system with Empolyee role
[DEBUG] 2020-03-24 19:26:04 - SentrifugoDev.CommonLip.LogUtil Waiting for Home page 
[DEBUG] 2020-03-24 19:26:04 - SentrifugoDev.CommonLip.LogUtil Go to Self Service page
[DEBUG] 2020-03-24 19:26:05 - SentrifugoDev.CommonLip.LogUtil Clicked on My Leave button in Self Service Menu
[DEBUG] 2020-03-24 19:26:05 - SentrifugoDev.CommonLip.LogUtil Clicked on 'All' filter button in My Leave  tab
[DEBUG] 2020-03-24 19:26:05 - SentrifugoDev.CommonLip.LogUtil Got the number of leaves of filter section in My Leave tab
[DEBUG] 2020-03-24 19:26:05 - SentrifugoDev.CommonLip.LogUtil Selected option by 200in 'Records per page' dropdown
[DEBUG] 2020-03-24 19:26:05 - SentrifugoDev.CommonLip.LogUtil Count of rows in the tabel is = 20
[DEBUG] 2020-03-24 19:26:27 - SentrifugoDev.CommonLip.LogUtil Clicked on 'User Menu' DropDown
[DEBUG] 2020-03-24 19:26:27 - SentrifugoDev.CommonLip.LogUtil Clicked on Logout option in 'User Menu'
[DEBUG] 2020-03-24 19:26:27 - SentrifugoDev.CommonLip.LogUtil Waiting for Login page
[DEBUG] 2020-03-24 19:26:27 - SentrifugoDev.CommonLip.LogUtil Close Chrome browser
[DEBUG] 2020-03-24 19:26:47 - SentrifugoDev.CommonLip.LogUtil Read all data from Json file LoginJsonFile.json
[DEBUG] 2020-03-24 19:26:47 - SentrifugoDev.CommonLip.LogUtil Read all data from Json file UserProfileJsonFile.json
[DEBUG] 2020-03-24 19:26:47 - SentrifugoDev.CommonLip.LogUtil Read all data from Json file LeaveRequestTabJsonFile.json
[DEBUG] 2020-03-24 19:26:51 - SentrifugoDev.CommonLip.LogUtil **********Starting execution of a new test**********
[DEBUG] 2020-03-24 19:26:51 - SentrifugoDev.CommonLip.LogUtil Opened Chrome browser
[DEBUG] 2020-03-24 19:26:51 - SentrifugoDev.CommonLip.LogUtil Navigating to http://sentrifugo-prerelease.jetsoftpro.com/
[DEBUG] 2020-03-24 19:26:52 - SentrifugoDev.CommonLip.LogUtil Filled in Email field with data:EMPP0025
[DEBUG] 2020-03-24 19:26:52 - SentrifugoDev.CommonLip.LogUtil Filled in Password field with data:Asdf*2810
[DEBUG] 2020-03-24 19:26:53 - SentrifugoDev.CommonLip.LogUtil Clicked on Login button
[DEBUG] 2020-03-24 19:26:53 - SentrifugoDev.CommonLip.LogUtil Login to system with Empolyee role
[DEBUG] 2020-03-24 19:26:53 - SentrifugoDev.CommonLip.LogUtil Waiting for Home page 
[DEBUG] 2020-03-24 19:26:54 - SentrifugoDev.CommonLip.LogUtil Go to Self Service page
[DEBUG] 2020-03-24 19:26:54 - SentrifugoDev.CommonLip.LogUtil Clicked on My Leave button in Self Service Menu
[DEBUG] 2020-03-24 19:26:54 - SentrifugoDev.CommonLip.LogUtil Clicked on 'All' filter button in My Leave  tab
[DEBUG] 2020-03-24 19:26:58 - SentrifugoDev.CommonLip.LogUtil Got the number of leaves of filter section in My Leave tab
[DEBUG] 2020-03-24 19:26:58 - SentrifugoDev.CommonLip.LogUtil Selected option by 200in 'Records per page' dropdown
[DEBUG] 2020-03-24 19:26:58 - SentrifugoDev.CommonLip.LogUtil Count of rows in the tabel is = 20
[DEBUG] 2020-03-24 19:27:00 - SentrifugoDev.CommonLip.LogUtil Selected option by 200in 'Records per page' dropdown
[DEBUG] 2020-03-24 19:27:00 - SentrifugoDev.CommonLip.LogUtil Count of rows in the tabel is = 37
[DEBUG] 2020-03-24 19:27:02 - SentrifugoDev.CommonLip.LogUtil Clicked on 'Pending Leaves' filter button in My Leave  tab
[DEBUG] 2020-03-24 19:27:04 - SentrifugoDev.CommonLip.LogUtil Got the number of leaves of filter section in My Leave tab
[DEBUG] 2020-03-24 19:27:04 - SentrifugoDev.CommonLip.LogUtil Selected option by 200in 'Records per page' dropdown
[DEBUG] 2020-03-24 19:27:04 - SentrifugoDev.CommonLip.LogUtil Count of rows in the tabel is = 1
[DEBUG] 2020-03-24 19:27:05 - SentrifugoDev.CommonLip.LogUtil Selected option by 200in 'Records per page' dropdown
[DEBUG] 2020-03-24 19:27:05 - SentrifugoDev.CommonLip.LogUtil Count of rows in the tabel is = 1
[DEBUG] 2020-03-24 19:27:07 - SentrifugoDev.CommonLip.LogUtil Clicked on 'Canceled Leaves' filter button in My Leave  tab
[DEBUG] 2020-03-24 19:27:08 - SentrifugoDev.CommonLip.LogUtil Got the number of leaves of filter section in My Leave tab
[DEBUG] 2020-03-24 19:27:08 - SentrifugoDev.CommonLip.LogUtil Selected option by 200in 'Records per page' dropdown
[DEBUG] 2020-03-24 19:27:08 - SentrifugoDev.CommonLip.LogUtil Count of rows in the tabel is = 20
[DEBUG] 2020-03-24 19:27:09 - SentrifugoDev.CommonLip.LogUtil Selected option by 200in 'Records per page' dropdown
[DEBUG] 2020-03-24 19:27:09 - SentrifugoDev.CommonLip.LogUtil Count of rows in the tabel is = 33
[DEBUG] 2020-03-24 19:27:11 - SentrifugoDev.CommonLip.LogUtil Clicked on 'Rejected Leaves' filter button in My Leave tab
[DEBUG] 2020-03-24 19:27:12 - SentrifugoDev.CommonLip.LogUtil Got the number of leaves of filter section in My Leave tab
[DEBUG] 2020-03-24 19:27:12 - SentrifugoDev.CommonLip.LogUtil Selected option by 200in 'Records per page' dropdown
[DEBUG] 2020-03-24 19:27:12 - SentrifugoDev.CommonLip.LogUtil Count of rows in the tabel is = 2
[DEBUG] 2020-03-24 19:27:13 - SentrifugoDev.CommonLip.LogUtil Selected option by 200in 'Records per page' dropdown
[DEBUG] 2020-03-24 19:27:13 - SentrifugoDev.CommonLip.LogUtil Count of rows in the tabel is = 2
[DEBUG] 2020-03-24 19:27:15 - SentrifugoDev.CommonLip.LogUtil Clicked on 'Approved Leaves' filter button in My Leave  tab
[DEBUG] 2020-03-24 19:27:16 - SentrifugoDev.CommonLip.LogUtil Got the number of leaves of filter section in My Leave tab
[DEBUG] 2020-03-24 19:27:16 - SentrifugoDev.CommonLip.LogUtil Selected option by 200in 'Records per page' dropdown
[DEBUG] 2020-03-24 19:27:16 - SentrifugoDev.CommonLip.LogUtil Count of rows in the tabel is = 1
[DEBUG] 2020-03-24 19:27:17 - SentrifugoDev.CommonLip.LogUtil Selected option by 200in 'Records per page' dropdown
[DEBUG] 2020-03-24 19:27:17 - SentrifugoDev.CommonLip.LogUtil Count of rows in the tabel is = 1
[DEBUG] 2020-03-24 19:28:18 - SentrifugoDev.CommonLip.LogUtil Clicked on 'User Menu' DropDown
[DEBUG] 2020-03-24 19:28:19 - SentrifugoDev.CommonLip.LogUtil Clicked on Logout option in 'User Menu'
[DEBUG] 2020-03-24 19:28:19 - SentrifugoDev.CommonLip.LogUtil Waiting for Login page
[DEBUG] 2020-03-24 19:28:19 - SentrifugoDev.CommonLip.LogUtil Close Chrome browser
[DEBUG] 2020-03-24 19:28:35 - SentrifugoDev.CommonLip.LogUtil Read all data from Json file LoginJsonFile.json
[DEBUG] 2020-03-24 19:28:35 - SentrifugoDev.CommonLip.LogUtil Read all data from Json file UserProfileJsonFile.json
[DEBUG] 2020-03-24 19:28:35 - SentrifugoDev.CommonLip.LogUtil Read all data from Json file LeaveRequestTabJsonFile.json
[DEBUG] 2020-03-24 19:28:38 - SentrifugoDev.CommonLip.LogUtil **********Starting execution of a new test**********
[DEBUG] 2020-03-24 19:28:38 - SentrifugoDev.CommonLip.LogUtil Opened Chrome browser
[DEBUG] 2020-03-24 19:28:38 - SentrifugoDev.CommonLip.LogUtil Navigating to http://sentrifugo-prerelease.jetsoftpro.com/
[DEBUG] 2020-03-24 19:28:38 - SentrifugoDev.CommonLip.LogUtil Filled in Email field with data:EMPP0025
[DEBUG] 2020-03-24 19:28:38 - SentrifugoDev.CommonLip.LogUtil Filled in Password field with data:Asdf*2810
[DEBUG] 2020-03-24 19:28:39 - SentrifugoDev.CommonLip.LogUtil Clicked on Login button
[DEBUG] 2020-03-24 19:28:39 - SentrifugoDev.CommonLip.LogUtil Login to system with Empolyee role
[DEBUG] 2020-03-24 19:28:39 - SentrifugoDev.CommonLip.LogUtil Waiting for Home page 
[DEBUG] 2020-03-24 19:28:39 - SentrifugoDev.CommonLip.LogUtil Go to Self Service page
[DEBUG] 2020-03-24 19:28:40 - SentrifugoDev.CommonLip.LogUtil Clicked on My Leave button in Self Service Menu
[DEBUG] 2020-03-24 19:28:40 - SentrifugoDev.CommonLip.LogUtil Clicked on 'All' filter button in My Leave  tab
[DEBUG] 2020-03-24 19:28:45 - SentrifugoDev.CommonLip.LogUtil Got the number of leaves of filter section in My Leave tab
[DEBUG] 2020-03-24 19:28:47 - SentrifugoDev.CommonLip.LogUtil Selected option by 200in 'Records per page' dropdown
[DEBUG] 2020-03-24 19:28:47 - SentrifugoDev.CommonLip.LogUtil Count of rows in the tabel is = 20
[DEBUG] 2020-03-24 19:29:16 - SentrifugoDev.CommonLip.LogUtil Selected option by 200in 'Records per page' dropdown
[DEBUG] 2020-03-24 19:29:16 - SentrifugoDev.CommonLip.LogUtil Count of rows in the tabel is = 37
[DEBUG] 2020-03-24 19:29:38 - SentrifugoDev.CommonLip.LogUtil Got the number of leaves of filter section in My Leave tab
[DEBUG] 2020-03-24 19:29:39 - SentrifugoDev.CommonLip.LogUtil Selected option by 200in 'Records per page' dropdown
[DEBUG] 2020-03-24 19:29:39 - SentrifugoDev.CommonLip.LogUtil Count of rows in the tabel is = 20
[DEBUG] 2020-03-24 19:30:21 - SentrifugoDev.CommonLip.LogUtil Selected option by 200in 'Records per page' dropdown
[DEBUG] 2020-03-24 19:30:49 - SentrifugoDev.CommonLip.LogUtil Count of rows in the tabel is = 37
[DEBUG] 2020-03-24 19:31:13 - SentrifugoDev.CommonLip.LogUtil Selected option by 200in 'Records per page' dropdown
[DEBUG] 2020-03-24 19:31:13 - SentrifugoDev.CommonLip.LogUtil Count of rows in the tabel is = 37
[DEBUG] 2020-03-24 19:31:15 - SentrifugoDev.CommonLip.LogUtil Clicked on 'Pending Leaves' filter button in My Leave  tab
[DEBUG] 2020-03-24 19:31:16 - SentrifugoDev.CommonLip.LogUtil Got the number of leaves of filter section in My Leave tab
[DEBUG] 2020-03-24 19:31:16 - SentrifugoDev.CommonLip.LogUtil Selected option by 200in 'Records per page' dropdown
[DEBUG] 2020-03-24 19:31:16 - SentrifugoDev.CommonLip.LogUtil Count of rows in the tabel is = 1
[DEBUG] 2020-03-24 19:31:17 - SentrifugoDev.CommonLip.LogUtil Selected option by 200in 'Records per page' dropdown
[DEBUG] 2020-03-24 19:31:17 - SentrifugoDev.CommonLip.LogUtil Count of rows in the tabel is = 1
[DEBUG] 2020-03-24 19:31:19 - SentrifugoDev.CommonLip.LogUtil Clicked on 'Canceled Leaves' filter button in My Leave  tab
[DEBUG] 2020-03-24 19:31:23 - SentrifugoDev.CommonLip.LogUtil Got the number of leaves of filter section in My Leave tab
[DEBUG] 2020-03-24 19:31:23 - SentrifugoDev.CommonLip.LogUtil Selected option by 200in 'Records per page' dropdown
[DEBUG] 2020-03-24 19:31:23 - SentrifugoDev.CommonLip.LogUtil Count of rows in the tabel is = 20
[DEBUG] 2020-03-24 19:31:24 - SentrifugoDev.CommonLip.LogUtil Selected option by 200in 'Records per page' dropdown
[DEBUG] 2020-03-24 19:31:24 - SentrifugoDev.CommonLip.LogUtil Count of rows in the tabel is = 33
[DEBUG] 2020-03-24 19:31:52 - SentrifugoDev.CommonLip.LogUtil Got the number of leaves of filter section in My Leave tab
[DEBUG] 2020-03-24 19:31:54 - SentrifugoDev.CommonLip.LogUtil Selected option by 200in 'Records per page' dropdown
[DEBUG] 2020-03-24 19:31:54 - SentrifugoDev.CommonLip.LogUtil Count of rows in the tabel is = 33
[DEBUG] 2020-03-24 19:32:00 - SentrifugoDev.CommonLip.LogUtil Selected option by 200in 'Records per page' dropdown
[DEBUG] 2020-03-24 19:32:00 - SentrifugoDev.CommonLip.LogUtil Count of rows in the tabel is = 33
[DEBUG] 2020-03-24 19:32:02 - SentrifugoDev.CommonLip.LogUtil Clicked on 'Rejected Leaves' filter button in My Leave tab
[DEBUG] 2020-03-24 19:32:03 - SentrifugoDev.CommonLip.LogUtil Got the number of leaves of filter section in My Leave tab
[DEBUG] 2020-03-24 19:32:04 - SentrifugoDev.CommonLip.LogUtil Selected option by 200in 'Records per page' dropdown
[DEBUG] 2020-03-24 19:32:04 - SentrifugoDev.CommonLip.LogUtil Count of rows in the tabel is = 2
[DEBUG] 2020-03-24 19:32:05 - SentrifugoDev.CommonLip.LogUtil Selected option by 200in 'Records per page' dropdown
[DEBUG] 2020-03-24 19:32:05 - SentrifugoDev.CommonLip.LogUtil Count of rows in the tabel is = 2
[DEBUG] 2020-03-24 19:32:06 - SentrifugoDev.CommonLip.LogUtil Clicked on 'Approved Leaves' filter button in My Leave  tab
[DEBUG] 2020-03-24 19:32:07 - SentrifugoDev.CommonLip.LogUtil Got the number of leaves of filter section in My Leave tab
[DEBUG] 2020-03-24 19:32:07 - SentrifugoDev.CommonLip.LogUtil Selected option by 200in 'Records per page' dropdown
[DEBUG] 2020-03-24 19:32:07 - SentrifugoDev.CommonLip.LogUtil Count of rows in the tabel is = 1
[DEBUG] 2020-03-24 19:32:08 - SentrifugoDev.CommonLip.LogUtil Selected option by 200in 'Records per page' dropdown
[DEBUG] 2020-03-24 19:32:08 - SentrifugoDev.CommonLip.LogUtil Count of rows in the tabel is = 1
[DEBUG] 2020-03-24 19:33:36 - SentrifugoDev.CommonLip.LogUtil Clicked on 'User Menu' DropDown
[DEBUG] 2020-03-24 19:33:36 - SentrifugoDev.CommonLip.LogUtil Clicked on Logout option in 'User Menu'
[DEBUG] 2020-03-24 19:33:36 - SentrifugoDev.CommonLip.LogUtil Waiting for Login page
[DEBUG] 2020-03-24 19:33:36 - SentrifugoDev.CommonLip.LogUtil Close Chrome browser
[DEBUG] 2020-03-24 19:35:44 - SentrifugoDev.CommonLip.LogUtil Read all data from Json file LoginJsonFile.json
[DEBUG] 2020-03-24 19:35:44 - SentrifugoDev.CommonLip.LogUtil Read all data from Json file UserProfileJsonFile.json
[DEBUG] 2020-03-24 19:35:44 - SentrifugoDev.CommonLip.LogUtil Read all data from Json file LeaveRequestTabJsonFile.json
[DEBUG] 2020-03-24 19:35:48 - SentrifugoDev.CommonLip.LogUtil **********Starting execution of a new test**********
[DEBUG] 2020-03-24 19:35:48 - SentrifugoDev.CommonLip.LogUtil Opened Chrome browser
[DEBUG] 2020-03-24 19:35:48 - SentrifugoDev.CommonLip.LogUtil Navigating to http://sentrifugo-prerelease.jetsoftpro.com/
[DEBUG] 2020-03-24 19:35:48 - SentrifugoDev.CommonLip.LogUtil Filled in Email field with data:EMPP0025
[DEBUG] 2020-03-24 19:35:48 - SentrifugoDev.CommonLip.LogUtil Filled in Password field with data:Asdf*2810
[DEBUG] 2020-03-24 19:35:49 - SentrifugoDev.CommonLip.LogUtil Clicked on Login button
[DEBUG] 2020-03-24 19:35:49 - SentrifugoDev.CommonLip.LogUtil Login to system with Empolyee role
[DEBUG] 2020-03-24 19:35:49 - SentrifugoDev.CommonLip.LogUtil Waiting for Home page 
[DEBUG] 2020-03-24 19:35:49 - SentrifugoDev.CommonLip.LogUtil Go to Self Service page
[DEBUG] 2020-03-24 19:35:50 - SentrifugoDev.CommonLip.LogUtil Clicked on My Leave button in Self Service Menu
[DEBUG] 2020-03-24 19:35:50 - SentrifugoDev.CommonLip.LogUtil Clicked on 'All' filter button in My Leave  tab
[DEBUG] 2020-03-24 19:35:50 - SentrifugoDev.CommonLip.LogUtil Got the number of leaves of filter section in My Leave tab
[DEBUG] 2020-03-24 19:35:50 - SentrifugoDev.CommonLip.LogUtil Selected option by 200in 'Records per page' dropdown
[DEBUG] 2020-03-24 19:35:50 - SentrifugoDev.CommonLip.LogUtil Count of rows in the tabel is = 20
[DEBUG] 2020-03-24 19:35:51 - SentrifugoDev.CommonLip.LogUtil Selected option by 200in 'Records per page' dropdown
[DEBUG] 2020-03-24 19:35:51 - SentrifugoDev.CommonLip.LogUtil Count of rows in the tabel is = 37
[DEBUG] 2020-03-24 19:35:51 - SentrifugoDev.CommonLip.LogUtil Clicked on 'Pending Leaves' filter button in My Leave  tab
[DEBUG] 2020-03-24 19:35:51 - SentrifugoDev.CommonLip.LogUtil Got the number of leaves of filter section in My Leave tab
[DEBUG] 2020-03-24 19:35:51 - SentrifugoDev.CommonLip.LogUtil Selected option by 200in 'Records per page' dropdown
[DEBUG] 2020-03-24 19:35:51 - SentrifugoDev.CommonLip.LogUtil Count of rows in the tabel is = 1
[DEBUG] 2020-03-24 19:35:52 - SentrifugoDev.CommonLip.LogUtil Selected option by 200in 'Records per page' dropdown
[DEBUG] 2020-03-24 19:35:52 - SentrifugoDev.CommonLip.LogUtil Count of rows in the tabel is = 1
[DEBUG] 2020-03-24 19:35:52 - SentrifugoDev.CommonLip.LogUtil Clicked on 'Canceled Leaves' filter button in My Leave  tab
[DEBUG] 2020-03-24 19:35:52 - SentrifugoDev.CommonLip.LogUtil Got the number of leaves of filter section in My Leave tab
[DEBUG] 2020-03-24 19:35:52 - SentrifugoDev.CommonLip.LogUtil Selected option by 200in 'Records per page' dropdown
[DEBUG] 2020-03-24 19:35:52 - SentrifugoDev.CommonLip.LogUtil Count of rows in the tabel is = 20
[DEBUG] 2020-03-24 19:35:52 - SentrifugoDev.CommonLip.LogUtil Clicked on 'User Menu' DropDown
[DEBUG] 2020-03-24 19:35:53 - SentrifugoDev.CommonLip.LogUtil Clicked on Logout option in 'User Menu'
[DEBUG] 2020-03-24 19:35:53 - SentrifugoDev.CommonLip.LogUtil Waiting for Login page
[DEBUG] 2020-03-24 19:35:53 - SentrifugoDev.CommonLip.LogUtil Close Chrome browser
[DEBUG] 2020-03-24 19:38:12 - SentrifugoDev.CommonLip.LogUtil Read all data from Json file LoginJsonFile.json
[DEBUG] 2020-03-24 19:38:12 - SentrifugoDev.CommonLip.LogUtil Read all data from Json file UserProfileJsonFile.json
[DEBUG] 2020-03-24 19:38:12 - SentrifugoDev.CommonLip.LogUtil Read all data from Json file LeaveRequestTabJsonFile.json
[DEBUG] 2020-03-24 19:38:16 - SentrifugoDev.CommonLip.LogUtil **********Starting execution of a new test**********
[DEBUG] 2020-03-24 19:38:16 - SentrifugoDev.CommonLip.LogUtil Opened Chrome browser
[DEBUG] 2020-03-24 19:38:16 - SentrifugoDev.CommonLip.LogUtil Navigating to http://sentrifugo-prerelease.jetsoftpro.com/
[DEBUG] 2020-03-24 19:38:16 - SentrifugoDev.CommonLip.LogUtil Filled in Email field with data:EMPP0025
[DEBUG] 2020-03-24 19:38:16 - SentrifugoDev.CommonLip.LogUtil Filled in Password field with data:Asdf*2810
[DEBUG] 2020-03-24 19:38:17 - SentrifugoDev.CommonLip.LogUtil Clicked on Login button
[DEBUG] 2020-03-24 19:38:17 - SentrifugoDev.CommonLip.LogUtil Login to system with Empolyee role
[DEBUG] 2020-03-24 19:38:17 - SentrifugoDev.CommonLip.LogUtil Waiting for Home page 
[DEBUG] 2020-03-24 19:38:17 - SentrifugoDev.CommonLip.LogUtil Go to Self Service page
[DEBUG] 2020-03-24 19:38:18 - SentrifugoDev.CommonLip.LogUtil Clicked on My Leave button in Self Service Menu
[DEBUG] 2020-03-24 19:38:18 - SentrifugoDev.CommonLip.LogUtil Clicked on 'All' filter button in My Leave  tab
[DEBUG] 2020-03-24 19:38:18 - SentrifugoDev.CommonLip.LogUtil Selected option by 200in 'Records per page' dropdown
[DEBUG] 2020-03-24 19:38:18 - SentrifugoDev.CommonLip.LogUtil Count of rows in the tabel is = 20
[DEBUG] 2020-03-24 19:38:18 - SentrifugoDev.CommonLip.LogUtil Clicked on 'User Menu' DropDown
[DEBUG] 2020-03-24 19:38:19 - SentrifugoDev.CommonLip.LogUtil Clicked on Logout option in 'User Menu'
[DEBUG] 2020-03-24 19:38:19 - SentrifugoDev.CommonLip.LogUtil Waiting for Login page
[DEBUG] 2020-03-24 19:38:19 - SentrifugoDev.CommonLip.LogUtil Close Chrome browser
[DEBUG] 2020-03-24 19:38:29 - SentrifugoDev.CommonLip.LogUtil Read all data from Json file LoginJsonFile.json
[DEBUG] 2020-03-24 19:38:29 - SentrifugoDev.CommonLip.LogUtil Read all data from Json file UserProfileJsonFile.json
[DEBUG] 2020-03-24 19:38:29 - SentrifugoDev.CommonLip.LogUtil Read all data from Json file LeaveRequestTabJsonFile.json
[DEBUG] 2020-03-24 19:38:33 - SentrifugoDev.CommonLip.LogUtil **********Starting execution of a new test**********
[DEBUG] 2020-03-24 19:38:33 - SentrifugoDev.CommonLip.LogUtil Opened Chrome browser
[DEBUG] 2020-03-24 19:38:33 - SentrifugoDev.CommonLip.LogUtil Navigating to http://sentrifugo-prerelease.jetsoftpro.com/
[DEBUG] 2020-03-24 19:38:33 - SentrifugoDev.CommonLip.LogUtil Filled in Email field with data:EMPP0025
[DEBUG] 2020-03-24 19:38:33 - SentrifugoDev.CommonLip.LogUtil Filled in Password field with data:Asdf*2810
[DEBUG] 2020-03-24 19:38:34 - SentrifugoDev.CommonLip.LogUtil Clicked on Login button
[DEBUG] 2020-03-24 19:38:34 - SentrifugoDev.CommonLip.LogUtil Login to system with Empolyee role
[DEBUG] 2020-03-24 19:38:34 - SentrifugoDev.CommonLip.LogUtil Waiting for Home page 
[DEBUG] 2020-03-24 19:38:34 - SentrifugoDev.CommonLip.LogUtil Go to Self Service page
[DEBUG] 2020-03-24 19:38:35 - SentrifugoDev.CommonLip.LogUtil Clicked on My Leave button in Self Service Menu
[DEBUG] 2020-03-24 19:38:35 - SentrifugoDev.CommonLip.LogUtil Clicked on 'All' filter button in My Leave  tab
[DEBUG] 2020-03-24 19:38:35 - SentrifugoDev.CommonLip.LogUtil Selected option by 200in 'Records per page' dropdown
[DEBUG] 2020-03-24 19:38:35 - SentrifugoDev.CommonLip.LogUtil Count of rows in the tabel is = 20
[DEBUG] 2020-03-24 19:39:15 - SentrifugoDev.CommonLip.LogUtil Clicked on 'User Menu' DropDown
[DEBUG] 2020-03-24 19:39:15 - SentrifugoDev.CommonLip.LogUtil Clicked on Logout option in 'User Menu'
[DEBUG] 2020-03-24 19:39:15 - SentrifugoDev.CommonLip.LogUtil Waiting for Login page
[DEBUG] 2020-03-24 19:39:15 - SentrifugoDev.CommonLip.LogUtil Close Chrome browser
[DEBUG] 2020-03-24 19:39:41 - SentrifugoDev.CommonLip.LogUtil Read all data from Json file LoginJsonFile.json
[DEBUG] 2020-03-24 19:39:41 - SentrifugoDev.CommonLip.LogUtil Read all data from Json file UserProfileJsonFile.json
[DEBUG] 2020-03-24 19:39:41 - SentrifugoDev.CommonLip.LogUtil Read all data from Json file LeaveRequestTabJsonFile.json
[DEBUG] 2020-03-24 19:39:45 - SentrifugoDev.CommonLip.LogUtil **********Starting execution of a new test**********
[DEBUG] 2020-03-24 19:39:45 - SentrifugoDev.CommonLip.LogUtil Opened Chrome browser
[DEBUG] 2020-03-24 19:39:45 - SentrifugoDev.CommonLip.LogUtil Navigating to http://sentrifugo-prerelease.jetsoftpro.com/
[DEBUG] 2020-03-24 19:39:45 - SentrifugoDev.CommonLip.LogUtil Filled in Email field with data:EMPP0025
[DEBUG] 2020-03-24 19:39:45 - SentrifugoDev.CommonLip.LogUtil Filled in Password field with data:Asdf*2810
[DEBUG] 2020-03-24 19:39:45 - SentrifugoDev.CommonLip.LogUtil Clicked on Login button
[DEBUG] 2020-03-24 19:39:45 - SentrifugoDev.CommonLip.LogUtil Login to system with Empolyee role
[DEBUG] 2020-03-24 19:39:45 - SentrifugoDev.CommonLip.LogUtil Waiting for Home page 
[DEBUG] 2020-03-24 19:39:46 - SentrifugoDev.CommonLip.LogUtil Go to Self Service page
[DEBUG] 2020-03-24 19:39:46 - SentrifugoDev.CommonLip.LogUtil Clicked on My Leave button in Self Service Menu
[DEBUG] 2020-03-24 19:39:46 - SentrifugoDev.CommonLip.LogUtil Clicked on 'All' filter button in My Leave  tab
[DEBUG] 2020-03-24 19:39:47 - SentrifugoDev.CommonLip.LogUtil Selected option by 200in 'Records per page' dropdown
[DEBUG] 2020-03-24 19:39:47 - SentrifugoDev.CommonLip.LogUtil Count of rows in the tabel is = 20
[DEBUG] 2020-03-24 19:39:47 - SentrifugoDev.CommonLip.LogUtil Clicked on 'Pending Leaves' filter button in My Leave  tab
[DEBUG] 2020-03-24 19:39:47 - SentrifugoDev.CommonLip.LogUtil Selected option by 200in 'Records per page' dropdown
[DEBUG] 2020-03-24 19:39:47 - SentrifugoDev.CommonLip.LogUtil Count of rows in the tabel is = 1
[DEBUG] 2020-03-24 19:39:48 - SentrifugoDev.CommonLip.LogUtil Clicked on 'Canceled Leaves' filter button in My Leave  tab
[DEBUG] 2020-03-24 19:39:48 - SentrifugoDev.CommonLip.LogUtil Selected option by 200in 'Records per page' dropdown
[DEBUG] 2020-03-24 19:39:48 - SentrifugoDev.CommonLip.LogUtil Count of rows in the tabel is = 20
[DEBUG] 2020-03-24 19:39:49 - SentrifugoDev.CommonLip.LogUtil Clicked on 'User Menu' DropDown
[DEBUG] 2020-03-24 19:39:49 - SentrifugoDev.CommonLip.LogUtil Clicked on Logout option in 'User Menu'
[DEBUG] 2020-03-24 19:39:49 - SentrifugoDev.CommonLip.LogUtil Waiting for Login page
[DEBUG] 2020-03-24 19:39:49 - SentrifugoDev.CommonLip.LogUtil Close Chrome browser
[DEBUG] 2020-03-24 19:39:56 - SentrifugoDev.CommonLip.LogUtil Read all data from Json file LoginJsonFile.json
[DEBUG] 2020-03-24 19:39:56 - SentrifugoDev.CommonLip.LogUtil Read all data from Json file UserProfileJsonFile.json
[DEBUG] 2020-03-24 19:39:56 - SentrifugoDev.CommonLip.LogUtil Read all data from Json file LeaveRequestTabJsonFile.json
[DEBUG] 2020-03-24 19:39:59 - SentrifugoDev.CommonLip.LogUtil **********Starting execution of a new test**********
[DEBUG] 2020-03-24 19:39:59 - SentrifugoDev.CommonLip.LogUtil Opened Chrome browser
[DEBUG] 2020-03-24 19:39:59 - SentrifugoDev.CommonLip.LogUtil Navigating to http://sentrifugo-prerelease.jetsoftpro.com/
[DEBUG] 2020-03-24 19:39:59 - SentrifugoDev.CommonLip.LogUtil Filled in Email field with data:EMPP0025
[DEBUG] 2020-03-24 19:40:00 - SentrifugoDev.CommonLip.LogUtil Filled in Password field with data:Asdf*2810
[DEBUG] 2020-03-24 19:40:01 - SentrifugoDev.CommonLip.LogUtil Clicked on Login button
[DEBUG] 2020-03-24 19:40:01 - SentrifugoDev.CommonLip.LogUtil Login to system with Empolyee role
[DEBUG] 2020-03-24 19:40:01 - SentrifugoDev.CommonLip.LogUtil Waiting for Home page 
[DEBUG] 2020-03-24 19:40:02 - SentrifugoDev.CommonLip.LogUtil Go to Self Service page
[DEBUG] 2020-03-24 19:40:02 - SentrifugoDev.CommonLip.LogUtil Clicked on My Leave button in Self Service Menu
[DEBUG] 2020-03-24 19:40:03 - SentrifugoDev.CommonLip.LogUtil Clicked on 'All' filter button in My Leave  tab
[DEBUG] 2020-03-24 19:40:03 - SentrifugoDev.CommonLip.LogUtil Selected option by 200in 'Records per page' dropdown
[DEBUG] 2020-03-24 19:40:03 - SentrifugoDev.CommonLip.LogUtil Count of rows in the tabel is = 20
[DEBUG] 2020-03-24 19:40:16 - SentrifugoDev.CommonLip.LogUtil Clicked on 'Pending Leaves' filter button in My Leave  tab
[DEBUG] 2020-03-24 19:40:18 - SentrifugoDev.CommonLip.LogUtil Selected option by 200in 'Records per page' dropdown
[DEBUG] 2020-03-24 19:40:18 - SentrifugoDev.CommonLip.LogUtil Count of rows in the tabel is = 1
[DEBUG] 2020-03-24 19:40:21 - SentrifugoDev.CommonLip.LogUtil Clicked on 'Canceled Leaves' filter button in My Leave  tab
[DEBUG] 2020-03-24 19:40:22 - SentrifugoDev.CommonLip.LogUtil Selected option by 200in 'Records per page' dropdown
[DEBUG] 2020-03-24 19:40:22 - SentrifugoDev.CommonLip.LogUtil Count of rows in the tabel is = 20
[DEBUG] 2020-03-24 19:40:23 - SentrifugoDev.CommonLip.LogUtil Clicked on 'Rejected Leaves' filter button in My Leave tab
[DEBUG] 2020-03-24 19:40:23 - SentrifugoDev.CommonLip.LogUtil Selected option by 200in 'Records per page' dropdown
[DEBUG] 2020-03-24 19:40:23 - SentrifugoDev.CommonLip.LogUtil Count of rows in the tabel is = 2
[DEBUG] 2020-03-24 19:40:24 - SentrifugoDev.CommonLip.LogUtil Clicked on 'Approved Leaves' filter button in My Leave  tab
[DEBUG] 2020-03-24 19:40:25 - SentrifugoDev.CommonLip.LogUtil Selected option by 200in 'Records per page' dropdown
[DEBUG] 2020-03-24 19:40:25 - SentrifugoDev.CommonLip.LogUtil Count of rows in the tabel is = 1
[DEBUG] 2020-03-24 19:41:03 - SentrifugoDev.CommonLip.LogUtil Clicked on 'User Menu' DropDown
[DEBUG] 2020-03-24 19:41:03 - SentrifugoDev.CommonLip.LogUtil Clicked on Logout option in 'User Menu'
[DEBUG] 2020-03-24 19:41:03 - SentrifugoDev.CommonLip.LogUtil Waiting for Login page
[DEBUG] 2020-03-24 19:41:03 - SentrifugoDev.CommonLip.LogUtil Close Chrome browser
