[DEBUG] 2020-03-05 11:21:27 - SentrifugoDev.CommonLip.LogUtil Read all data from Json file LoginJsonFile.json
[DEBUG] 2020-03-05 11:21:28 - SentrifugoDev.CommonLip.LogUtil Read all data from Json file UserProfileJsonFile.json
[DEBUG] 2020-03-05 11:24:53 - SentrifugoDev.CommonLip.LogUtil Read all data from Json file LoginJsonFile.json
[DEBUG] 2020-03-05 11:24:53 - SentrifugoDev.CommonLip.LogUtil Read all data from Json file UserProfileJsonFile.json
[DEBUG] 2020-03-05 11:24:53 - SentrifugoDev.CommonLip.LogUtil Read all data from Json file LeaveRequestTabJsonFile.json
[DEBUG] 2020-03-05 11:24:57 - SentrifugoDev.CommonLip.LogUtil **********Starting execution of a new test**********
[DEBUG] 2020-03-05 11:24:57 - SentrifugoDev.CommonLip.LogUtil Opened Chrome browser
[DEBUG] 2020-03-05 11:24:57 - SentrifugoDev.CommonLip.LogUtil Navigating to http://sentrifugo-prerelease.jetsoftpro.com/
[DEBUG] 2020-03-05 11:24:58 - SentrifugoDev.CommonLip.LogUtil Filled in Email field with data:EMPP0025
[DEBUG] 2020-03-05 11:24:58 - SentrifugoDev.CommonLip.LogUtil Filled in Password field with data:Asdf*2810
[DEBUG] 2020-03-05 11:24:58 - SentrifugoDev.CommonLip.LogUtil Clicked on Login button
[DEBUG] 2020-03-05 11:24:58 - SentrifugoDev.CommonLip.LogUtil Login to system with Empolyee role
[DEBUG] 2020-03-05 11:24:58 - SentrifugoDev.CommonLip.LogUtil Waiting for Home page 
[DEBUG] 2020-03-05 11:24:59 - SentrifugoDev.CommonLip.LogUtil Go to Self Service page
[DEBUG] 2020-03-05 11:24:59 - SentrifugoDev.CommonLip.LogUtil Clicked on Leave Request button in Self Service Menu
[DEBUG] 2020-03-05 11:24:59 - SentrifugoDev.CommonLip.LogUtil Clicked on 'Apply Leave' button in Leave Request tab
[DEBUG] 2020-03-05 14:15:33 - SentrifugoDev.CommonLip.LogUtil Read all data from Json file LoginJsonFile.json
[DEBUG] 2020-03-05 14:15:33 - SentrifugoDev.CommonLip.LogUtil Read all data from Json file UserProfileJsonFile.json
[DEBUG] 2020-03-05 14:15:33 - SentrifugoDev.CommonLip.LogUtil Read all data from Json file LeaveRequestTabJsonFile.json
[DEBUG] 2020-03-05 14:16:35 - SentrifugoDev.CommonLip.LogUtil Read all data from Json file LoginJsonFile.json
[DEBUG] 2020-03-05 14:16:35 - SentrifugoDev.CommonLip.LogUtil Read all data from Json file UserProfileJsonFile.json
[DEBUG] 2020-03-05 14:16:35 - SentrifugoDev.CommonLip.LogUtil Read all data from Json file LeaveRequestTabJsonFile.json
[DEBUG] 2020-03-05 14:17:24 - SentrifugoDev.CommonLip.LogUtil Read all data from Json file LoginJsonFile.json
[DEBUG] 2020-03-05 14:17:24 - SentrifugoDev.CommonLip.LogUtil Read all data from Json file UserProfileJsonFile.json
[DEBUG] 2020-03-05 14:17:24 - SentrifugoDev.CommonLip.LogUtil Read all data from Json file LeaveRequestTabJsonFile.json
[DEBUG] 2020-03-05 14:18:44 - SentrifugoDev.CommonLip.LogUtil Read all data from Json file LoginJsonFile.json
[DEBUG] 2020-03-05 14:18:44 - SentrifugoDev.CommonLip.LogUtil Read all data from Json file UserProfileJsonFile.json
[DEBUG] 2020-03-05 14:18:44 - SentrifugoDev.CommonLip.LogUtil Read all data from Json file LeaveRequestTabJsonFile.json
[DEBUG] 2020-03-05 14:18:51 - SentrifugoDev.CommonLip.LogUtil **********Starting execution of a new test**********
[DEBUG] 2020-03-05 14:18:51 - SentrifugoDev.CommonLip.LogUtil Opened Chrome browser
[DEBUG] 2020-03-05 14:18:51 - SentrifugoDev.CommonLip.LogUtil Navigating to http://sentrifugo-prerelease.jetsoftpro.com/
[DEBUG] 2020-03-05 14:18:51 - SentrifugoDev.CommonLip.LogUtil Filled in Email field with data:EMPP0025
[DEBUG] 2020-03-05 14:18:51 - SentrifugoDev.CommonLip.LogUtil Filled in Password field with data:Asdf*2810
[DEBUG] 2020-03-05 14:18:52 - SentrifugoDev.CommonLip.LogUtil Clicked on Login button
[DEBUG] 2020-03-05 14:18:52 - SentrifugoDev.CommonLip.LogUtil Login to system with Empolyee role
[DEBUG] 2020-03-05 14:18:52 - SentrifugoDev.CommonLip.LogUtil Waiting for Home page 
[DEBUG] 2020-03-05 14:18:55 - SentrifugoDev.CommonLip.LogUtil Go to Self Service page
[DEBUG] 2020-03-05 14:18:56 - SentrifugoDev.CommonLip.LogUtil Clicked on Leave Request button in Self Service Menu
[DEBUG] 2020-03-05 14:18:56 - SentrifugoDev.CommonLip.LogUtil Clicked on 'Previous Month' button of Calendar in Leave Request tab
[DEBUG] 2020-03-05 14:18:57 - SentrifugoDev.CommonLip.LogUtil Select vacation from 2th till 5th
[DEBUG] 2020-03-05 14:18:57 - SentrifugoDev.CommonLip.LogUtil Getting text from Warnind popup message in Leave Request tab
[DEBUG] 2020-03-05 14:18:57 - SentrifugoDev.CommonLip.LogUtil Clicked on 'OK' button of Warning popup in Leave Request tab
[DEBUG] 2020-03-05 14:18:57 - SentrifugoDev.CommonLip.LogUtil Waiting till the new password is sending 
[DEBUG] 2020-03-05 14:18:57 - SentrifugoDev.CommonLip.LogUtil Clicked on 'User Menu' DropDown
[DEBUG] 2020-03-05 14:18:58 - SentrifugoDev.CommonLip.LogUtil Clicked on Logout option in 'User Menu'
[DEBUG] 2020-03-05 14:18:58 - SentrifugoDev.CommonLip.LogUtil Waiting for Login page
[DEBUG] 2020-03-05 14:18:58 - SentrifugoDev.CommonLip.LogUtil Close Chrome browser
[DEBUG] 2020-03-05 14:19:02 - SentrifugoDev.CommonLip.LogUtil **********Starting execution of a new test**********
[DEBUG] 2020-03-05 14:19:02 - SentrifugoDev.CommonLip.LogUtil Opened Chrome browser
[DEBUG] 2020-03-05 14:19:02 - SentrifugoDev.CommonLip.LogUtil Navigating to http://sentrifugo-prerelease.jetsoftpro.com/
[DEBUG] 2020-03-05 14:19:02 - SentrifugoDev.CommonLip.LogUtil Filled in Email field with data:EMPP0025
[DEBUG] 2020-03-05 14:19:02 - SentrifugoDev.CommonLip.LogUtil Filled in Password field with data:Asdf*2810
[DEBUG] 2020-03-05 14:19:03 - SentrifugoDev.CommonLip.LogUtil Clicked on Login button
[DEBUG] 2020-03-05 14:19:03 - SentrifugoDev.CommonLip.LogUtil Login to system with Empolyee role
[DEBUG] 2020-03-05 14:19:03 - SentrifugoDev.CommonLip.LogUtil Waiting for Home page 
[DEBUG] 2020-03-05 14:19:03 - SentrifugoDev.CommonLip.LogUtil Go to Self Service page
[DEBUG] 2020-03-05 14:19:04 - SentrifugoDev.CommonLip.LogUtil Clicked on Leave Request button in Self Service Menu
[DEBUG] 2020-03-05 14:19:04 - SentrifugoDev.CommonLip.LogUtil Clicked on 'Apply Leave' button in Leave Request tab
[DEBUG] 2020-03-05 14:19:04 - SentrifugoDev.CommonLip.LogUtil Clicked on 'Close' button of Leave Request form in Leave Request tab
[DEBUG] 2020-03-05 14:19:04 - SentrifugoDev.CommonLip.LogUtil Clicked on 'Apply Leave' button in Leave Request tab
[DEBUG] 2020-03-05 14:19:05 - SentrifugoDev.CommonLip.LogUtil Filled in Reason field in the Create: Leave request Form with data: test1
[DEBUG] 2020-03-05 14:19:05 - SentrifugoDev.CommonLip.LogUtil Clicked on 'Apply' button of Leave Request form in Leave Request tab
[DEBUG] 2020-03-05 14:19:05 - SentrifugoDev.CommonLip.LogUtil Getting text from error message for 'Leave Type' field in the Create: Leave request Form
[DEBUG] 2020-03-05 14:19:06 - SentrifugoDev.CommonLip.LogUtil Clicked on 'Close' button of Leave Request form in Leave Request tab
[DEBUG] 2020-03-05 14:19:06 - SentrifugoDev.CommonLip.LogUtil Waiting till the new password is sending 
[DEBUG] 2020-03-05 14:19:06 - SentrifugoDev.CommonLip.LogUtil Clicked on 'User Menu' DropDown
[DEBUG] 2020-03-05 14:19:06 - SentrifugoDev.CommonLip.LogUtil Clicked on Logout option in 'User Menu'
[DEBUG] 2020-03-05 14:19:06 - SentrifugoDev.CommonLip.LogUtil Waiting for Login page
[DEBUG] 2020-03-05 14:19:06 - SentrifugoDev.CommonLip.LogUtil Close Chrome browser
[DEBUG] 2020-03-05 14:19:13 - SentrifugoDev.CommonLip.LogUtil **********Starting execution of a new test**********
[DEBUG] 2020-03-05 14:19:13 - SentrifugoDev.CommonLip.LogUtil Opened Chrome browser
[DEBUG] 2020-03-05 14:19:13 - SentrifugoDev.CommonLip.LogUtil Navigating to http://sentrifugo-prerelease.jetsoftpro.com/
[DEBUG] 2020-03-05 14:19:13 - SentrifugoDev.CommonLip.LogUtil Filled in Email field with data:EMPP0025
[DEBUG] 2020-03-05 14:19:13 - SentrifugoDev.CommonLip.LogUtil Filled in Password field with data:Asdf*2810
[DEBUG] 2020-03-05 14:19:15 - SentrifugoDev.CommonLip.LogUtil Clicked on Login button
[DEBUG] 2020-03-05 14:19:15 - SentrifugoDev.CommonLip.LogUtil Login to system with Empolyee role
[DEBUG] 2020-03-05 14:19:15 - SentrifugoDev.CommonLip.LogUtil Waiting for Home page 
[DEBUG] 2020-03-05 14:19:16 - SentrifugoDev.CommonLip.LogUtil Go to Self Service page
[DEBUG] 2020-03-05 14:19:16 - SentrifugoDev.CommonLip.LogUtil Clicked on Leave Request button in Self Service Menu
[DEBUG] 2020-03-05 14:19:16 - SentrifugoDev.CommonLip.LogUtil Clicked on 'Apply Leave' button in Leave Request tab
[DEBUG] 2020-03-05 14:19:17 - SentrifugoDev.CommonLip.LogUtil Clicked on 'Leave Type' DropDown
[DEBUG] 2020-03-05 14:19:17 - SentrifugoDev.CommonLip.LogUtil Clicked on Sick Leave option in 'Leave Type'
[DEBUG] 2020-03-05 14:19:17 - SentrifugoDev.CommonLip.LogUtil Clicked on 'Apply' button of Leave Request form in Leave Request tab
[DEBUG] 2020-03-05 14:19:17 - SentrifugoDev.CommonLip.LogUtil Getting text from error message for 'Reason' text area  in the Create: Leave request Form
[DEBUG] 2020-03-05 14:19:18 - SentrifugoDev.CommonLip.LogUtil Clicked on 'Close' button of Leave Request form in Leave Request tab
[DEBUG] 2020-03-05 14:19:18 - SentrifugoDev.CommonLip.LogUtil Waiting till the new password is sending 
[DEBUG] 2020-03-05 14:19:18 - SentrifugoDev.CommonLip.LogUtil Clicked on 'User Menu' DropDown
[DEBUG] 2020-03-05 14:19:18 - SentrifugoDev.CommonLip.LogUtil Clicked on Logout option in 'User Menu'
[DEBUG] 2020-03-05 14:19:18 - SentrifugoDev.CommonLip.LogUtil Waiting for Login page
[DEBUG] 2020-03-05 14:19:18 - SentrifugoDev.CommonLip.LogUtil Close Chrome browser
[DEBUG] 2020-03-05 14:19:36 - SentrifugoDev.CommonLip.LogUtil Read all data from Json file LoginJsonFile.json
[DEBUG] 2020-03-05 14:19:36 - SentrifugoDev.CommonLip.LogUtil Read all data from Json file UserProfileJsonFile.json
[DEBUG] 2020-03-05 14:19:36 - SentrifugoDev.CommonLip.LogUtil Read all data from Json file LeaveRequestTabJsonFile.json
[DEBUG] 2020-03-05 14:19:42 - SentrifugoDev.CommonLip.LogUtil **********Starting execution of a new test**********
[DEBUG] 2020-03-05 14:19:42 - SentrifugoDev.CommonLip.LogUtil Opened Chrome browser
[DEBUG] 2020-03-05 14:19:42 - SentrifugoDev.CommonLip.LogUtil Navigating to http://sentrifugo-prerelease.jetsoftpro.com/
[DEBUG] 2020-03-05 14:19:42 - SentrifugoDev.CommonLip.LogUtil Filled in Email field with data:EMPP0025
[DEBUG] 2020-03-05 14:19:42 - SentrifugoDev.CommonLip.LogUtil Filled in Password field with data:Asdf*2810
[DEBUG] 2020-03-05 14:19:44 - SentrifugoDev.CommonLip.LogUtil Clicked on Login button
[DEBUG] 2020-03-05 14:19:44 - SentrifugoDev.CommonLip.LogUtil Login to system with Empolyee role
[DEBUG] 2020-03-05 14:19:45 - SentrifugoDev.CommonLip.LogUtil Waiting for Home page 
[DEBUG] 2020-03-05 14:19:45 - SentrifugoDev.CommonLip.LogUtil Go to Self Service page
[DEBUG] 2020-03-05 14:19:45 - SentrifugoDev.CommonLip.LogUtil Clicked on Leave Request button in Self Service Menu
[DEBUG] 2020-03-05 14:19:46 - SentrifugoDev.CommonLip.LogUtil Clicked on 'Previous Month' button of Calendar in Leave Request tab
[DEBUG] 2020-03-05 14:19:46 - SentrifugoDev.CommonLip.LogUtil Select vacation from 2th till 5th
[DEBUG] 2020-03-05 14:19:53 - SentrifugoDev.CommonLip.LogUtil Getting text from Warnind popup message in Leave Request tab
[DEBUG] 2020-03-05 14:19:54 - SentrifugoDev.CommonLip.LogUtil Clicked on 'OK' button of Warning popup in Leave Request tab
[DEBUG] 2020-03-05 14:19:54 - SentrifugoDev.CommonLip.LogUtil Waiting till the new password is sending 
[DEBUG] 2020-03-05 14:23:47 - SentrifugoDev.CommonLip.LogUtil Read all data from Json file LoginJsonFile.json
[DEBUG] 2020-03-05 14:23:47 - SentrifugoDev.CommonLip.LogUtil Read all data from Json file UserProfileJsonFile.json
[DEBUG] 2020-03-05 14:23:47 - SentrifugoDev.CommonLip.LogUtil Read all data from Json file LeaveRequestTabJsonFile.json
[DEBUG] 2020-03-05 14:23:52 - SentrifugoDev.CommonLip.LogUtil **********Starting execution of a new test**********
[DEBUG] 2020-03-05 14:23:52 - SentrifugoDev.CommonLip.LogUtil Opened Chrome browser
[DEBUG] 2020-03-05 14:23:52 - SentrifugoDev.CommonLip.LogUtil Navigating to http://sentrifugo-prerelease.jetsoftpro.com/
[DEBUG] 2020-03-05 14:23:52 - SentrifugoDev.CommonLip.LogUtil Filled in Email field with data:EMPP0025
[DEBUG] 2020-03-05 14:23:52 - SentrifugoDev.CommonLip.LogUtil Filled in Password field with data:Asdf*2810
[DEBUG] 2020-03-05 14:23:53 - SentrifugoDev.CommonLip.LogUtil Clicked on Login button
[DEBUG] 2020-03-05 14:23:53 - SentrifugoDev.CommonLip.LogUtil Login to system with Empolyee role
[DEBUG] 2020-03-05 14:23:53 - SentrifugoDev.CommonLip.LogUtil Waiting for Home page 
[DEBUG] 2020-03-05 14:23:54 - SentrifugoDev.CommonLip.LogUtil Go to Self Service page
[DEBUG] 2020-03-05 14:23:54 - SentrifugoDev.CommonLip.LogUtil Clicked on Leave Request button in Self Service Menu
[DEBUG] 2020-03-05 14:23:54 - SentrifugoDev.CommonLip.LogUtil Clicked on 'Previous Month' button of Calendar in Leave Request tab
[DEBUG] 2020-03-05 14:23:55 - SentrifugoDev.CommonLip.LogUtil Select vacation from 2th till 5th
[DEBUG] 2020-03-05 14:23:55 - SentrifugoDev.CommonLip.LogUtil Getting text from Warnind popup message in Leave Request tab
[DEBUG] 2020-03-05 14:23:55 - SentrifugoDev.CommonLip.LogUtil Clicked on 'OK' button of Warning popup in Leave Request tab
[DEBUG] 2020-03-05 14:23:55 - SentrifugoDev.CommonLip.LogUtil Waiting till the new password is sending 
[DEBUG] 2020-03-05 14:23:55 - SentrifugoDev.CommonLip.LogUtil Clicked on 'User Menu' DropDown
[DEBUG] 2020-03-05 14:23:55 - SentrifugoDev.CommonLip.LogUtil Clicked on Logout option in 'User Menu'
[DEBUG] 2020-03-05 14:23:56 - SentrifugoDev.CommonLip.LogUtil Waiting for Login page
[DEBUG] 2020-03-05 14:23:56 - SentrifugoDev.CommonLip.LogUtil Close Chrome browser
[DEBUG] 2020-03-05 14:24:02 - SentrifugoDev.CommonLip.LogUtil **********Starting execution of a new test**********
[DEBUG] 2020-03-05 14:24:02 - SentrifugoDev.CommonLip.LogUtil Opened Chrome browser
[DEBUG] 2020-03-05 14:24:02 - SentrifugoDev.CommonLip.LogUtil Navigating to http://sentrifugo-prerelease.jetsoftpro.com/
[DEBUG] 2020-03-05 14:24:02 - SentrifugoDev.CommonLip.LogUtil Filled in Email field with data:EMPP0025
[DEBUG] 2020-03-05 14:24:02 - SentrifugoDev.CommonLip.LogUtil Filled in Password field with data:Asdf*2810
[DEBUG] 2020-03-05 14:24:03 - SentrifugoDev.CommonLip.LogUtil Clicked on Login button
[DEBUG] 2020-03-05 14:24:03 - SentrifugoDev.CommonLip.LogUtil Login to system with Empolyee role
[DEBUG] 2020-03-05 14:24:03 - SentrifugoDev.CommonLip.LogUtil Waiting for Home page 
[DEBUG] 2020-03-05 14:24:04 - SentrifugoDev.CommonLip.LogUtil Go to Self Service page
[DEBUG] 2020-03-05 14:24:04 - SentrifugoDev.CommonLip.LogUtil Clicked on Leave Request button in Self Service Menu
[DEBUG] 2020-03-05 14:24:04 - SentrifugoDev.CommonLip.LogUtil Clicked on 'Apply Leave' button in Leave Request tab
[DEBUG] 2020-03-05 14:24:05 - SentrifugoDev.CommonLip.LogUtil Clicked on 'Close' button of Leave Request form in Leave Request tab
[DEBUG] 2020-03-05 14:24:05 - SentrifugoDev.CommonLip.LogUtil Clicked on 'Apply Leave' button in Leave Request tab
[DEBUG] 2020-03-05 14:24:05 - SentrifugoDev.CommonLip.LogUtil Filled in Reason field in the Create: Leave request Form with data: test1
[DEBUG] 2020-03-05 14:24:05 - SentrifugoDev.CommonLip.LogUtil Clicked on 'Apply' button of Leave Request form in Leave Request tab
[DEBUG] 2020-03-05 14:24:05 - SentrifugoDev.CommonLip.LogUtil Getting text from error message for 'Leave Type' field in the Create: Leave request Form
[DEBUG] 2020-03-05 14:24:06 - SentrifugoDev.CommonLip.LogUtil Clicked on 'Close' button of Leave Request form in Leave Request tab
[DEBUG] 2020-03-05 14:24:06 - SentrifugoDev.CommonLip.LogUtil Waiting till the new password is sending 
[DEBUG] 2020-03-05 14:24:06 - SentrifugoDev.CommonLip.LogUtil Clicked on 'User Menu' DropDown
[DEBUG] 2020-03-05 14:24:06 - SentrifugoDev.CommonLip.LogUtil Clicked on Logout option in 'User Menu'
[DEBUG] 2020-03-05 14:24:06 - SentrifugoDev.CommonLip.LogUtil Waiting for Login page
[DEBUG] 2020-03-05 14:24:07 - SentrifugoDev.CommonLip.LogUtil Close Chrome browser
[DEBUG] 2020-03-05 14:24:11 - SentrifugoDev.CommonLip.LogUtil **********Starting execution of a new test**********
[DEBUG] 2020-03-05 14:24:11 - SentrifugoDev.CommonLip.LogUtil Opened Chrome browser
[DEBUG] 2020-03-05 14:24:11 - SentrifugoDev.CommonLip.LogUtil Navigating to http://sentrifugo-prerelease.jetsoftpro.com/
[DEBUG] 2020-03-05 14:24:11 - SentrifugoDev.CommonLip.LogUtil Filled in Email field with data:EMPP0025
[DEBUG] 2020-03-05 14:24:11 - SentrifugoDev.CommonLip.LogUtil Filled in Password field with data:Asdf*2810
[DEBUG] 2020-03-05 14:24:11 - SentrifugoDev.CommonLip.LogUtil Clicked on Login button
[DEBUG] 2020-03-05 14:24:11 - SentrifugoDev.CommonLip.LogUtil Login to system with Empolyee role
[DEBUG] 2020-03-05 14:24:11 - SentrifugoDev.CommonLip.LogUtil Waiting for Home page 
[DEBUG] 2020-03-05 14:24:12 - SentrifugoDev.CommonLip.LogUtil Go to Self Service page
[DEBUG] 2020-03-05 14:24:12 - SentrifugoDev.CommonLip.LogUtil Clicked on Leave Request button in Self Service Menu
[DEBUG] 2020-03-05 14:24:12 - SentrifugoDev.CommonLip.LogUtil Clicked on 'Apply Leave' button in Leave Request tab
[DEBUG] 2020-03-05 14:24:13 - SentrifugoDev.CommonLip.LogUtil Clicked on 'Leave Type' DropDown
[DEBUG] 2020-03-05 14:24:13 - SentrifugoDev.CommonLip.LogUtil Clicked on Sick Leave option in 'Leave Type'
[DEBUG] 2020-03-05 14:24:13 - SentrifugoDev.CommonLip.LogUtil Clicked on 'Apply' button of Leave Request form in Leave Request tab
[DEBUG] 2020-03-05 14:24:13 - SentrifugoDev.CommonLip.LogUtil Getting text from error message for 'Reason' text area  in the Create: Leave request Form
[DEBUG] 2020-03-05 14:24:14 - SentrifugoDev.CommonLip.LogUtil Clicked on 'Close' button of Leave Request form in Leave Request tab
[DEBUG] 2020-03-05 14:24:14 - SentrifugoDev.CommonLip.LogUtil Waiting till the new password is sending 
[DEBUG] 2020-03-05 14:24:14 - SentrifugoDev.CommonLip.LogUtil Clicked on 'User Menu' DropDown
[DEBUG] 2020-03-05 14:24:14 - SentrifugoDev.CommonLip.LogUtil Clicked on Logout option in 'User Menu'
[DEBUG] 2020-03-05 14:24:14 - SentrifugoDev.CommonLip.LogUtil Waiting for Login page
[DEBUG] 2020-03-05 14:24:14 - SentrifugoDev.CommonLip.LogUtil Close Chrome browser
[DEBUG] 2020-03-05 14:24:18 - SentrifugoDev.CommonLip.LogUtil **********Starting execution of a new test**********
[DEBUG] 2020-03-05 14:24:18 - SentrifugoDev.CommonLip.LogUtil Opened Chrome browser
[DEBUG] 2020-03-05 14:24:18 - SentrifugoDev.CommonLip.LogUtil Navigating to http://sentrifugo-prerelease.jetsoftpro.com/
[DEBUG] 2020-03-05 14:24:18 - SentrifugoDev.CommonLip.LogUtil Filled in Email field with data:EMPP0025
[DEBUG] 2020-03-05 14:24:18 - SentrifugoDev.CommonLip.LogUtil Filled in Password field with data:Asdf*2810
[DEBUG] 2020-03-05 14:24:19 - SentrifugoDev.CommonLip.LogUtil Clicked on Login button
[DEBUG] 2020-03-05 14:24:19 - SentrifugoDev.CommonLip.LogUtil Login to system with Empolyee role
[DEBUG] 2020-03-05 14:24:19 - SentrifugoDev.CommonLip.LogUtil Waiting for Home page 
[DEBUG] 2020-03-05 14:24:19 - SentrifugoDev.CommonLip.LogUtil Go to Self Service page
[DEBUG] 2020-03-05 14:24:20 - SentrifugoDev.CommonLip.LogUtil Clicked on Leave Request button in Self Service Menu
[DEBUG] 2020-03-05 14:24:20 - SentrifugoDev.CommonLip.LogUtil Clicked on 'Apply Leave' button in Leave Request tab
[DEBUG] 2020-03-05 14:24:21 - SentrifugoDev.CommonLip.LogUtil Clicked on 'Leave Type' DropDown
[DEBUG] 2020-03-05 14:24:21 - SentrifugoDev.CommonLip.LogUtil Clicked on Sick Leave option in 'Leave Type'
[DEBUG] 2020-03-05 14:24:21 - SentrifugoDev.CommonLip.LogUtil Cleared 'From' field of Leave Request form in Leave Request tab
[DEBUG] 2020-03-05 14:24:21 - SentrifugoDev.CommonLip.LogUtil Getting text from error message for 'From' field  in the Create: Leave request Form
[DEBUG] 2020-03-05 14:24:21 - SentrifugoDev.CommonLip.LogUtil Clicked on 'Close' button of Leave Request form in Leave Request tab
[DEBUG] 2020-03-05 14:24:21 - SentrifugoDev.CommonLip.LogUtil Waiting till the new password is sending 
[DEBUG] 2020-03-05 14:24:21 - SentrifugoDev.CommonLip.LogUtil Clicked on 'User Menu' DropDown
[DEBUG] 2020-03-05 14:24:21 - SentrifugoDev.CommonLip.LogUtil Clicked on Logout option in 'User Menu'
[DEBUG] 2020-03-05 14:24:21 - SentrifugoDev.CommonLip.LogUtil Waiting for Login page
[DEBUG] 2020-03-05 14:24:21 - SentrifugoDev.CommonLip.LogUtil Close Chrome browser
[DEBUG] 2020-03-05 14:24:26 - SentrifugoDev.CommonLip.LogUtil **********Starting execution of a new test**********
[DEBUG] 2020-03-05 14:24:26 - SentrifugoDev.CommonLip.LogUtil Opened Chrome browser
[DEBUG] 2020-03-05 14:24:26 - SentrifugoDev.CommonLip.LogUtil Navigating to http://sentrifugo-prerelease.jetsoftpro.com/
[DEBUG] 2020-03-05 14:24:26 - SentrifugoDev.CommonLip.LogUtil Filled in Email field with data:EMPP0025
[DEBUG] 2020-03-05 14:24:26 - SentrifugoDev.CommonLip.LogUtil Filled in Password field with data:Asdf*2810
[DEBUG] 2020-03-05 14:24:30 - SentrifugoDev.CommonLip.LogUtil Clicked on Login button
[DEBUG] 2020-03-05 14:24:30 - SentrifugoDev.CommonLip.LogUtil Login to system with Empolyee role
[DEBUG] 2020-03-05 14:24:30 - SentrifugoDev.CommonLip.LogUtil Waiting for Home page 
[DEBUG] 2020-03-05 14:24:30 - SentrifugoDev.CommonLip.LogUtil Go to Self Service page
[DEBUG] 2020-03-05 14:24:31 - SentrifugoDev.CommonLip.LogUtil Clicked on Leave Request button in Self Service Menu
[DEBUG] 2020-03-05 14:24:31 - SentrifugoDev.CommonLip.LogUtil Clicked on 'Apply Leave' button in Leave Request tab
[DEBUG] 2020-03-05 14:24:31 - SentrifugoDev.CommonLip.LogUtil Clicked on 'Leave Type' DropDown
[DEBUG] 2020-03-05 14:24:32 - SentrifugoDev.CommonLip.LogUtil Clicked on Sick Leave option in 'Leave Type'
[DEBUG] 2020-03-05 14:24:32 - SentrifugoDev.CommonLip.LogUtil Cleared 'To' field of Leave Request form in Leave Request tab
[DEBUG] 2020-03-05 14:24:32 - SentrifugoDev.CommonLip.LogUtil Getting text from error message for 'To' field  in the Create: Leave request Form
[DEBUG] 2020-03-05 14:24:32 - SentrifugoDev.CommonLip.LogUtil Clicked on 'Close' button of Leave Request form in Leave Request tab
[DEBUG] 2020-03-05 14:24:32 - SentrifugoDev.CommonLip.LogUtil Waiting till the new password is sending 
[DEBUG] 2020-03-05 14:24:32 - SentrifugoDev.CommonLip.LogUtil Clicked on 'User Menu' DropDown
[DEBUG] 2020-03-05 14:24:32 - SentrifugoDev.CommonLip.LogUtil Clicked on Logout option in 'User Menu'
[DEBUG] 2020-03-05 14:24:32 - SentrifugoDev.CommonLip.LogUtil Waiting for Login page
[DEBUG] 2020-03-05 14:24:32 - SentrifugoDev.CommonLip.LogUtil Close Chrome browser
[DEBUG] 2020-03-05 14:24:36 - SentrifugoDev.CommonLip.LogUtil **********Starting execution of a new test**********
[DEBUG] 2020-03-05 14:24:36 - SentrifugoDev.CommonLip.LogUtil Opened Chrome browser
[DEBUG] 2020-03-05 14:24:36 - SentrifugoDev.CommonLip.LogUtil Navigating to http://sentrifugo-prerelease.jetsoftpro.com/
[DEBUG] 2020-03-05 14:24:36 - SentrifugoDev.CommonLip.LogUtil Filled in Email field with data:EMPP0025
[DEBUG] 2020-03-05 14:24:37 - SentrifugoDev.CommonLip.LogUtil Filled in Password field with data:Asdf*2810
[DEBUG] 2020-03-05 14:24:37 - SentrifugoDev.CommonLip.LogUtil Clicked on Login button
[DEBUG] 2020-03-05 14:24:37 - SentrifugoDev.CommonLip.LogUtil Login to system with Empolyee role
[DEBUG] 2020-03-05 14:24:37 - SentrifugoDev.CommonLip.LogUtil Waiting for Home page 
[DEBUG] 2020-03-05 14:24:38 - SentrifugoDev.CommonLip.LogUtil Go to Self Service page
[DEBUG] 2020-03-05 14:24:38 - SentrifugoDev.CommonLip.LogUtil Clicked on Leave Request button in Self Service Menu
[DEBUG] 2020-03-05 14:24:38 - SentrifugoDev.CommonLip.LogUtil Clicked on 'Apply Leave' button in Leave Request tab
[DEBUG] 2020-03-05 14:24:39 - SentrifugoDev.CommonLip.LogUtil Clicked on 'Leave Type' DropDown
[DEBUG] 2020-03-05 14:24:39 - SentrifugoDev.CommonLip.LogUtil Clicked on Sick Leave option in 'Leave Type'
[DEBUG] 2020-03-05 14:24:39 - SentrifugoDev.CommonLip.LogUtil Clicked on 'To' field of Leave Request form in Leave Request tab
[DEBUG] 2020-03-05 14:24:39 - SentrifugoDev.CommonLip.LogUtil Selected the date 1in 'To' field in the Create: Leave request Form
[DEBUG] 2020-03-05 14:24:39 - SentrifugoDev.CommonLip.LogUtil Getting text from error message for 'To' field  in the Create: Leave request Form
[DEBUG] 2020-03-05 14:24:40 - SentrifugoDev.CommonLip.LogUtil Clicked on 'To' field of Leave Request form in Leave Request tab
[DEBUG] 2020-03-05 14:24:40 - SentrifugoDev.CommonLip.LogUtil Selected the date 12in 'To' field in the Create: Leave request Form
[DEBUG] 2020-03-05 14:24:40 - SentrifugoDev.CommonLip.LogUtil Clicked on 'From' field of Leave Request form in Leave Request tab
[DEBUG] 2020-03-05 14:24:40 - SentrifugoDev.CommonLip.LogUtil Selected the date 15in 'From' field in the Create: Leave request Form
[DEBUG] 2020-03-05 14:24:40 - SentrifugoDev.CommonLip.LogUtil Getting text from error message for 'From' field  in the Create: Leave request Form
[DEBUG] 2020-03-05 14:24:41 - SentrifugoDev.CommonLip.LogUtil Clicked on 'Close' button of Leave Request form in Leave Request tab
[DEBUG] 2020-03-05 14:24:41 - SentrifugoDev.CommonLip.LogUtil Waiting till the new password is sending 
[DEBUG] 2020-03-05 14:24:41 - SentrifugoDev.CommonLip.LogUtil Clicked on 'User Menu' DropDown
[DEBUG] 2020-03-05 14:24:41 - SentrifugoDev.CommonLip.LogUtil Clicked on Logout option in 'User Menu'
[DEBUG] 2020-03-05 14:24:41 - SentrifugoDev.CommonLip.LogUtil Waiting for Login page
[DEBUG] 2020-03-05 14:24:42 - SentrifugoDev.CommonLip.LogUtil Close Chrome browser
[DEBUG] 2020-03-05 14:24:45 - SentrifugoDev.CommonLip.LogUtil **********Starting execution of a new test**********
[DEBUG] 2020-03-05 14:24:45 - SentrifugoDev.CommonLip.LogUtil Opened Chrome browser
[DEBUG] 2020-03-05 14:24:45 - SentrifugoDev.CommonLip.LogUtil Navigating to http://sentrifugo-prerelease.jetsoftpro.com/
[DEBUG] 2020-03-05 14:24:45 - SentrifugoDev.CommonLip.LogUtil Filled in Email field with data:EMPP0025
[DEBUG] 2020-03-05 14:24:45 - SentrifugoDev.CommonLip.LogUtil Filled in Password field with data:Asdf*2810
[DEBUG] 2020-03-05 14:24:46 - SentrifugoDev.CommonLip.LogUtil Clicked on Login button
[DEBUG] 2020-03-05 14:24:46 - SentrifugoDev.CommonLip.LogUtil Login to system with Empolyee role
[DEBUG] 2020-03-05 14:24:46 - SentrifugoDev.CommonLip.LogUtil Waiting for Home page 
[DEBUG] 2020-03-05 14:24:47 - SentrifugoDev.CommonLip.LogUtil Go to Self Service page
[DEBUG] 2020-03-05 14:24:47 - SentrifugoDev.CommonLip.LogUtil Clicked on Leave Request button in Self Service Menu
[DEBUG] 2020-03-05 14:24:48 - SentrifugoDev.CommonLip.LogUtil Select vacation from 4th till 7th
[DEBUG] 2020-03-05 14:24:48 - SentrifugoDev.CommonLip.LogUtil Clicked on 'Leave Type' DropDown
[DEBUG] 2020-03-05 14:24:48 - SentrifugoDev.CommonLip.LogUtil Clicked on Sick Leave option in 'Leave Type'
[DEBUG] 2020-03-05 14:24:49 - SentrifugoDev.CommonLip.LogUtil Filled in Reason field in the Create: Leave request Form with data: TwoLeaves
[DEBUG] 2020-03-05 14:24:49 - SentrifugoDev.CommonLip.LogUtil Clicked on 'Apply' button of Leave Request form in Leave Request tab
[DEBUG] 2020-03-05 14:24:56 - SentrifugoDev.CommonLip.LogUtil Waiting till the Main Loader disappeared of the page
[DEBUG] 2020-03-05 14:24:56 - SentrifugoDev.CommonLip.LogUtil Clicked on 'User Menu' DropDown
[DEBUG] 2020-03-05 14:24:56 - SentrifugoDev.CommonLip.LogUtil Clicked on Logout option in 'User Menu'
[DEBUG] 2020-03-05 14:24:56 - SentrifugoDev.CommonLip.LogUtil Waiting for Login page
[DEBUG] 2020-03-05 14:24:57 - SentrifugoDev.CommonLip.LogUtil Close Chrome browser
[DEBUG] 2020-03-05 14:25:01 - SentrifugoDev.CommonLip.LogUtil **********Starting execution of a new test**********
[DEBUG] 2020-03-05 14:25:01 - SentrifugoDev.CommonLip.LogUtil Opened Chrome browser
[DEBUG] 2020-03-05 14:25:01 - SentrifugoDev.CommonLip.LogUtil Navigating to http://sentrifugo-prerelease.jetsoftpro.com/
[DEBUG] 2020-03-05 14:25:01 - SentrifugoDev.CommonLip.LogUtil Filled in Email field with data:EMPP0025
[DEBUG] 2020-03-05 14:25:01 - SentrifugoDev.CommonLip.LogUtil Filled in Password field with data:Asdf*2810
[DEBUG] 2020-03-05 14:25:02 - SentrifugoDev.CommonLip.LogUtil Clicked on Login button
[DEBUG] 2020-03-05 14:25:02 - SentrifugoDev.CommonLip.LogUtil Login to system with Empolyee role
[DEBUG] 2020-03-05 14:25:02 - SentrifugoDev.CommonLip.LogUtil Waiting for Home page 
[DEBUG] 2020-03-05 14:25:02 - SentrifugoDev.CommonLip.LogUtil Go to Self Service page
[DEBUG] 2020-03-05 14:25:03 - SentrifugoDev.CommonLip.LogUtil Clicked on Leave Request button in Self Service Menu
[DEBUG] 2020-03-05 14:25:04 - SentrifugoDev.CommonLip.LogUtil Select vacation from 4th till 4th
[DEBUG] 2020-03-05 14:25:04 - SentrifugoDev.CommonLip.LogUtil Clicked on 'Leave Type' DropDown
[DEBUG] 2020-03-05 14:25:04 - SentrifugoDev.CommonLip.LogUtil Clicked on Sick Leave option in 'Leave Type'
[DEBUG] 2020-03-05 14:25:04 - SentrifugoDev.CommonLip.LogUtil Filled in Reason field in the Create: Leave request Form with data: TwoLeaves
[DEBUG] 2020-03-05 14:25:05 - SentrifugoDev.CommonLip.LogUtil Clicked on 'Leave For' dropdown in Create: Leave Request form
[DEBUG] 2020-03-05 14:25:05 - SentrifugoDev.CommonLip.LogUtil Clicked on Half Day option in 'Leave For' dropdown
[DEBUG] 2020-03-05 14:25:05 - SentrifugoDev.CommonLip.LogUtil Clicked on 'Apply' button of Leave Request form in Leave Request tab
[DEBUG] 2020-03-05 14:25:05 - SentrifugoDev.CommonLip.LogUtil Waiting till the Main Loader disappeared of the page
[DEBUG] 2020-03-05 14:25:07 - SentrifugoDev.CommonLip.LogUtil Close Chrome browser
[DEBUG] 2020-03-05 14:25:11 - SentrifugoDev.CommonLip.LogUtil **********Starting execution of a new test**********
[DEBUG] 2020-03-05 14:25:11 - SentrifugoDev.CommonLip.LogUtil Opened Chrome browser
[DEBUG] 2020-03-05 14:25:11 - SentrifugoDev.CommonLip.LogUtil Navigating to http://sentrifugo-prerelease.jetsoftpro.com/
[DEBUG] 2020-03-05 14:25:11 - SentrifugoDev.CommonLip.LogUtil Filled in Email field with data:EMPP0025
[DEBUG] 2020-03-05 14:25:11 - SentrifugoDev.CommonLip.LogUtil Filled in Password field with data:Asdf*2810
[DEBUG] 2020-03-05 14:25:12 - SentrifugoDev.CommonLip.LogUtil Clicked on Login button
[DEBUG] 2020-03-05 14:25:12 - SentrifugoDev.CommonLip.LogUtil Login to system with Empolyee role
[DEBUG] 2020-03-05 14:25:12 - SentrifugoDev.CommonLip.LogUtil Waiting for Home page 
[DEBUG] 2020-03-05 14:25:12 - SentrifugoDev.CommonLip.LogUtil Go to Self Service page
[DEBUG] 2020-03-05 14:25:12 - SentrifugoDev.CommonLip.LogUtil Clicked on Leave Request button in Self Service Menu
[DEBUG] 2020-03-05 14:25:13 - SentrifugoDev.CommonLip.LogUtil Select vacation from 4th till 7th
[DEBUG] 2020-03-05 14:25:14 - SentrifugoDev.CommonLip.LogUtil Clicked on 'Leave Type' DropDown
[DEBUG] 2020-03-05 14:25:14 - SentrifugoDev.CommonLip.LogUtil Clicked on Sick Leave option in 'Leave Type'
[DEBUG] 2020-03-05 14:25:14 - SentrifugoDev.CommonLip.LogUtil Filled in Reason field in the Create: Leave request Form with data: TwoLeaves
[DEBUG] 2020-03-05 14:25:14 - SentrifugoDev.CommonLip.LogUtil Clicked on 'Apply' button of Leave Request form in Leave Request tab
[DEBUG] 2020-03-05 14:25:15 - SentrifugoDev.CommonLip.LogUtil Waiting till the Main Loader disappeared of the page
[DEBUG] 2020-03-05 14:25:18 - SentrifugoDev.CommonLip.LogUtil Close Chrome browser
[DEBUG] 2020-03-05 14:25:22 - SentrifugoDev.CommonLip.LogUtil **********Starting execution of a new test**********
[DEBUG] 2020-03-05 14:25:22 - SentrifugoDev.CommonLip.LogUtil Opened Chrome browser
[DEBUG] 2020-03-05 14:25:22 - SentrifugoDev.CommonLip.LogUtil Navigating to http://sentrifugo-prerelease.jetsoftpro.com/
[DEBUG] 2020-03-05 14:25:22 - SentrifugoDev.CommonLip.LogUtil Filled in Email field with data:EMPP0025
[DEBUG] 2020-03-05 14:25:23 - SentrifugoDev.CommonLip.LogUtil Filled in Password field with data:Asdf*2810
[DEBUG] 2020-03-05 14:25:23 - SentrifugoDev.CommonLip.LogUtil Clicked on Login button
[DEBUG] 2020-03-05 14:25:23 - SentrifugoDev.CommonLip.LogUtil Login to system with Empolyee role
[DEBUG] 2020-03-05 14:25:23 - SentrifugoDev.CommonLip.LogUtil Waiting for Home page 
[DEBUG] 2020-03-05 14:25:24 - SentrifugoDev.CommonLip.LogUtil Go to Self Service page
[DEBUG] 2020-03-05 14:25:24 - SentrifugoDev.CommonLip.LogUtil Clicked on Leave Request button in Self Service Menu
[DEBUG] 2020-03-05 14:25:24 - SentrifugoDev.CommonLip.LogUtil Select vacation on weekends/holidays 
[DEBUG] 2020-03-05 14:25:24 - SentrifugoDev.CommonLip.LogUtil Getting text from Warnind popup message in Leave Request tab
[DEBUG] 2020-03-05 14:25:25 - SentrifugoDev.CommonLip.LogUtil Clicked on 'OK' button of Warning popup in Leave Request tab
[DEBUG] 2020-03-05 14:25:25 - SentrifugoDev.CommonLip.LogUtil Waiting till the new password is sending 
[DEBUG] 2020-03-05 14:25:25 - SentrifugoDev.CommonLip.LogUtil Clicked on 'User Menu' DropDown
[DEBUG] 2020-03-05 14:25:25 - SentrifugoDev.CommonLip.LogUtil Clicked on Logout option in 'User Menu'
[DEBUG] 2020-03-05 14:25:25 - SentrifugoDev.CommonLip.LogUtil Waiting for Login page
[DEBUG] 2020-03-05 14:25:26 - SentrifugoDev.CommonLip.LogUtil Close Chrome browser
[DEBUG] 2020-03-05 14:25:31 - SentrifugoDev.CommonLip.LogUtil **********Starting execution of a new test**********
[DEBUG] 2020-03-05 14:25:31 - SentrifugoDev.CommonLip.LogUtil Opened Chrome browser
[DEBUG] 2020-03-05 14:25:31 - SentrifugoDev.CommonLip.LogUtil Navigating to http://sentrifugo-prerelease.jetsoftpro.com/
[DEBUG] 2020-03-05 14:25:31 - SentrifugoDev.CommonLip.LogUtil Filled in Email field with data:EMPP0025
[DEBUG] 2020-03-05 14:25:31 - SentrifugoDev.CommonLip.LogUtil Filled in Password field with data:Asdf*2810
[DEBUG] 2020-03-05 14:25:32 - SentrifugoDev.CommonLip.LogUtil Clicked on Login button
[DEBUG] 2020-03-05 14:25:32 - SentrifugoDev.CommonLip.LogUtil Login to system with Empolyee role
[DEBUG] 2020-03-05 14:25:32 - SentrifugoDev.CommonLip.LogUtil Waiting for Home page 
[DEBUG] 2020-03-05 14:25:32 - SentrifugoDev.CommonLip.LogUtil Go to Self Service page
[DEBUG] 2020-03-05 14:25:32 - SentrifugoDev.CommonLip.LogUtil Clicked on Leave Request button in Self Service Menu
[DEBUG] 2020-03-05 14:25:33 - SentrifugoDev.CommonLip.LogUtil Select vacation from 4th till 7th
[DEBUG] 2020-03-05 14:25:34 - SentrifugoDev.CommonLip.LogUtil Available Leaves: Available Vacations15 , Available Sick Leaves5 , Available Day-offs Paid10 , Available Day-offs Unpaid10 , Available Trainings30 , Available Events30 , Available Business Trips90
[DEBUG] 2020-03-05 14:25:34 - SentrifugoDev.CommonLip.LogUtil Clicked on 'Close' button of Leave Request form in Leave Request tab
[DEBUG] 2020-03-05 14:25:34 - SentrifugoDev.CommonLip.LogUtil Waiting till the new password is sending 
[DEBUG] 2020-03-05 14:25:34 - SentrifugoDev.CommonLip.LogUtil Clicked on 'User Menu' DropDown
[DEBUG] 2020-03-05 14:25:34 - SentrifugoDev.CommonLip.LogUtil Clicked on Logout option in 'User Menu'
[DEBUG] 2020-03-05 14:25:34 - SentrifugoDev.CommonLip.LogUtil Waiting for Login page
[DEBUG] 2020-03-05 14:25:34 - SentrifugoDev.CommonLip.LogUtil Close Chrome browser
[DEBUG] 2020-03-05 14:25:39 - SentrifugoDev.CommonLip.LogUtil **********Starting execution of a new test**********
[DEBUG] 2020-03-05 14:25:39 - SentrifugoDev.CommonLip.LogUtil Opened Chrome browser
[DEBUG] 2020-03-05 14:25:39 - SentrifugoDev.CommonLip.LogUtil Navigating to http://sentrifugo-prerelease.jetsoftpro.com/
[DEBUG] 2020-03-05 14:25:39 - SentrifugoDev.CommonLip.LogUtil Filled in Email field with data:EMPP0025
[DEBUG] 2020-03-05 14:25:39 - SentrifugoDev.CommonLip.LogUtil Filled in Password field with data:Asdf*2810
[DEBUG] 2020-03-05 14:25:39 - SentrifugoDev.CommonLip.LogUtil Clicked on Login button
[DEBUG] 2020-03-05 14:25:39 - SentrifugoDev.CommonLip.LogUtil Login to system with Empolyee role
[DEBUG] 2020-03-05 14:25:40 - SentrifugoDev.CommonLip.LogUtil Waiting for Home page 
[DEBUG] 2020-03-05 14:25:40 - SentrifugoDev.CommonLip.LogUtil Go to Self Service page
[DEBUG] 2020-03-05 14:25:40 - SentrifugoDev.CommonLip.LogUtil Clicked on Leave Request button in Self Service Menu
[DEBUG] 2020-03-05 14:25:41 - SentrifugoDev.CommonLip.LogUtil Select vacation from 4th till 7th
[DEBUG] 2020-03-05 14:25:42 - SentrifugoDev.CommonLip.LogUtil Clicked on 'Leave Type' DropDown
[DEBUG] 2020-03-05 14:25:42 - SentrifugoDev.CommonLip.LogUtil Clicked on Sick Leave option in 'Leave Type'
[DEBUG] 2020-03-05 14:25:42 - SentrifugoDev.CommonLip.LogUtil Filled in Reason field in the Create: Leave request Form with data: TwoLeaves
[DEBUG] 2020-03-05 14:25:42 - SentrifugoDev.CommonLip.LogUtil Clicked on 'From' field of Leave Request form in Leave Request tab
[DEBUG] 2020-03-05 14:25:42 - SentrifugoDev.CommonLip.LogUtil Clicked on 'Year' DropDown of Date Picker Calendar
[DEBUG] 2020-03-05 14:25:42 - SentrifugoDev.CommonLip.LogUtil Clicked on Next Year option in 'Year' dropdown of Date Picker Calendar
[DEBUG] 2020-03-05 14:25:42 - SentrifugoDev.CommonLip.LogUtil Clicked on 'From' field of Leave Request form in Leave Request tab
[DEBUG] 2020-03-05 14:25:42 - SentrifugoDev.CommonLip.LogUtil Selected the date 10in 'From' field in the Create: Leave request Form
[DEBUG] 2020-03-05 14:25:43 - SentrifugoDev.CommonLip.LogUtil Clicked on 'To' field of Leave Request form in Leave Request tab
[DEBUG] 2020-03-05 14:25:43 - SentrifugoDev.CommonLip.LogUtil Clicked on 'Year' DropDown of Date Picker Calendar
[DEBUG] 2020-03-05 14:25:43 - SentrifugoDev.CommonLip.LogUtil Clicked on Next Year option in 'Year' dropdown of Date Picker Calendar
[DEBUG] 2020-03-05 14:25:43 - SentrifugoDev.CommonLip.LogUtil Clicked on 'To' field of Leave Request form in Leave Request tab
[DEBUG] 2020-03-05 14:25:43 - SentrifugoDev.CommonLip.LogUtil Selected the date 10in 'To' field in the Create: Leave request Form
[DEBUG] 2020-03-05 14:25:43 - SentrifugoDev.CommonLip.LogUtil Getting text from error message for 'From' field  in the Create: Leave request Form
[DEBUG] 2020-03-05 14:25:43 - SentrifugoDev.CommonLip.LogUtil Getting text from error message for 'To' field  in the Create: Leave request Form
[DEBUG] 2020-03-05 14:25:43 - SentrifugoDev.CommonLip.LogUtil Clicked on 'Close' button of Leave Request form in Leave Request tab
[DEBUG] 2020-03-05 14:25:43 - SentrifugoDev.CommonLip.LogUtil Waiting till the new password is sending 
[DEBUG] 2020-03-05 14:25:43 - SentrifugoDev.CommonLip.LogUtil Clicked on 'User Menu' DropDown
[DEBUG] 2020-03-05 14:25:43 - SentrifugoDev.CommonLip.LogUtil Clicked on Logout option in 'User Menu'
[DEBUG] 2020-03-05 14:25:43 - SentrifugoDev.CommonLip.LogUtil Waiting for Login page
[DEBUG] 2020-03-05 14:25:45 - SentrifugoDev.CommonLip.LogUtil Close Chrome browser
[DEBUG] 2020-03-05 14:27:11 - SentrifugoDev.CommonLip.LogUtil Read all data from Json file LoginJsonFile.json
[DEBUG] 2020-03-05 14:27:11 - SentrifugoDev.CommonLip.LogUtil Read all data from Json file UserProfileJsonFile.json
[DEBUG] 2020-03-05 14:27:11 - SentrifugoDev.CommonLip.LogUtil Read all data from Json file LeaveRequestTabJsonFile.json
[DEBUG] 2020-03-05 14:27:16 - SentrifugoDev.CommonLip.LogUtil **********Starting execution of a new test**********
[DEBUG] 2020-03-05 14:27:16 - SentrifugoDev.CommonLip.LogUtil Opened Chrome browser
[DEBUG] 2020-03-05 14:27:16 - SentrifugoDev.CommonLip.LogUtil Navigating to http://sentrifugo-prerelease.jetsoftpro.com/
[DEBUG] 2020-03-05 14:27:16 - SentrifugoDev.CommonLip.LogUtil Filled in Email field with data:EMPP0025
[DEBUG] 2020-03-05 14:27:16 - SentrifugoDev.CommonLip.LogUtil Filled in Password field with data:Asdf*2810
[DEBUG] 2020-03-05 14:27:17 - SentrifugoDev.CommonLip.LogUtil Clicked on Login button
[DEBUG] 2020-03-05 14:27:17 - SentrifugoDev.CommonLip.LogUtil Login to system with Empolyee role
[DEBUG] 2020-03-05 14:27:17 - SentrifugoDev.CommonLip.LogUtil Waiting for Home page 
[DEBUG] 2020-03-05 14:27:17 - SentrifugoDev.CommonLip.LogUtil Go to Self Service page
[DEBUG] 2020-03-05 14:27:18 - SentrifugoDev.CommonLip.LogUtil Clicked on Leave Request button in Self Service Menu
[DEBUG] 2020-03-05 14:27:19 - SentrifugoDev.CommonLip.LogUtil Select vacation from 4th till 7th
[DEBUG] 2020-03-05 14:27:19 - SentrifugoDev.CommonLip.LogUtil Clicked on 'Leave Type' DropDown
[DEBUG] 2020-03-05 14:27:19 - SentrifugoDev.CommonLip.LogUtil Clicked on Sick Leave option in 'Leave Type'
[DEBUG] 2020-03-05 14:27:19 - SentrifugoDev.CommonLip.LogUtil Filled in Reason field in the Create: Leave request Form with data: TwoLeaves
[DEBUG] 2020-03-05 14:27:20 - SentrifugoDev.CommonLip.LogUtil Clicked on 'Apply' button of Leave Request form in Leave Request tab
[DEBUG] 2020-03-05 14:27:23 - SentrifugoDev.CommonLip.LogUtil Waiting till the Main Loader disappeared of the page
[DEBUG] 2020-03-05 14:27:23 - SentrifugoDev.CommonLip.LogUtil Clicked on Leave Request button in Self Service Menu
[DEBUG] 2020-03-05 14:27:24 - SentrifugoDev.CommonLip.LogUtil Select vacation from 5th till 6th
[DEBUG] 2020-03-05 14:27:25 - SentrifugoDev.CommonLip.LogUtil Clicked on 'Leave Type' DropDown
[DEBUG] 2020-03-05 14:27:25 - SentrifugoDev.CommonLip.LogUtil Clicked on Sick Leave option in 'Leave Type'
[DEBUG] 2020-03-05 14:27:25 - SentrifugoDev.CommonLip.LogUtil Filled in Reason field in the Create: Leave request Form with data: TwoLeaves
[DEBUG] 2020-03-05 14:27:25 - SentrifugoDev.CommonLip.LogUtil Clicked on 'Apply' button of Leave Request form in Leave Request tab
[DEBUG] 2020-03-05 14:27:25 - SentrifugoDev.CommonLip.LogUtil Getting text from error message for 'From' field  in the Create: Leave request Form
[DEBUG] 2020-03-05 14:27:25 - SentrifugoDev.CommonLip.LogUtil Clicked on 'Close' button of Leave Request form in Leave Request tab
[DEBUG] 2020-03-05 14:27:25 - SentrifugoDev.CommonLip.LogUtil Waiting till the new password is sending 
[DEBUG] 2020-03-05 14:27:25 - SentrifugoDev.CommonLip.LogUtil Clicked on 'User Menu' DropDown
[DEBUG] 2020-03-05 14:27:26 - SentrifugoDev.CommonLip.LogUtil Clicked on Logout option in 'User Menu'
[DEBUG] 2020-03-05 14:27:26 - SentrifugoDev.CommonLip.LogUtil Waiting for Login page
[DEBUG] 2020-03-05 14:27:26 - SentrifugoDev.CommonLip.LogUtil Close Chrome browser
[DEBUG] 2020-03-05 14:27:46 - SentrifugoDev.CommonLip.LogUtil Read all data from Json file LoginJsonFile.json
[DEBUG] 2020-03-05 14:27:46 - SentrifugoDev.CommonLip.LogUtil Read all data from Json file UserProfileJsonFile.json
[DEBUG] 2020-03-05 14:27:46 - SentrifugoDev.CommonLip.LogUtil Read all data from Json file LeaveRequestTabJsonFile.json
[DEBUG] 2020-03-05 14:27:50 - SentrifugoDev.CommonLip.LogUtil **********Starting execution of a new test**********
[DEBUG] 2020-03-05 14:27:50 - SentrifugoDev.CommonLip.LogUtil Opened Chrome browser
[DEBUG] 2020-03-05 14:27:50 - SentrifugoDev.CommonLip.LogUtil Navigating to http://sentrifugo-prerelease.jetsoftpro.com/
[DEBUG] 2020-03-05 14:27:50 - SentrifugoDev.CommonLip.LogUtil Filled in Email field with data:EMPP0025
[DEBUG] 2020-03-05 14:27:50 - SentrifugoDev.CommonLip.LogUtil Filled in Password field with data:Asdf*2810
[DEBUG] 2020-03-05 14:27:51 - SentrifugoDev.CommonLip.LogUtil Clicked on Login button
[DEBUG] 2020-03-05 14:27:51 - SentrifugoDev.CommonLip.LogUtil Login to system with Empolyee role
[DEBUG] 2020-03-05 14:27:51 - SentrifugoDev.CommonLip.LogUtil Waiting for Home page 
[DEBUG] 2020-03-05 14:27:51 - SentrifugoDev.CommonLip.LogUtil Go to Self Service page
[DEBUG] 2020-03-05 14:27:51 - SentrifugoDev.CommonLip.LogUtil Clicked on Leave Request button in Self Service Menu
[DEBUG] 2020-03-05 14:27:52 - SentrifugoDev.CommonLip.LogUtil Select vacation from 4th till 4th
[DEBUG] 2020-03-05 14:27:53 - SentrifugoDev.CommonLip.LogUtil Clicked on 'Leave Type' DropDown
[DEBUG] 2020-03-05 14:27:53 - SentrifugoDev.CommonLip.LogUtil Clicked on Sick Leave option in 'Leave Type'
[DEBUG] 2020-03-05 14:27:53 - SentrifugoDev.CommonLip.LogUtil Filled in Reason field in the Create: Leave request Form with data: TwoLeaves
[DEBUG] 2020-03-05 14:27:53 - SentrifugoDev.CommonLip.LogUtil Clicked on 'Leave For' dropdown in Create: Leave Request form
[DEBUG] 2020-03-05 14:27:53 - SentrifugoDev.CommonLip.LogUtil Clicked on Half Day option in 'Leave For' dropdown
[DEBUG] 2020-03-05 14:27:53 - SentrifugoDev.CommonLip.LogUtil Clicked on 'Apply' button of Leave Request form in Leave Request tab
[DEBUG] 2020-03-05 14:27:57 - SentrifugoDev.CommonLip.LogUtil Waiting till the Main Loader disappeared of the page
[DEBUG] 2020-03-05 14:27:57 - SentrifugoDev.CommonLip.LogUtil Clicked on 'User Menu' DropDown
[DEBUG] 2020-03-05 14:27:57 - SentrifugoDev.CommonLip.LogUtil Clicked on Logout option in 'User Menu'
[DEBUG] 2020-03-05 14:27:57 - SentrifugoDev.CommonLip.LogUtil Waiting for Login page
[DEBUG] 2020-03-05 14:27:57 - SentrifugoDev.CommonLip.LogUtil Close Chrome browser
[DEBUG] 2020-03-05 14:38:13 - SentrifugoDev.CommonLip.LogUtil Read all data from Json file LoginJsonFile.json
[DEBUG] 2020-03-05 14:38:13 - SentrifugoDev.CommonLip.LogUtil Read all data from Json file UserProfileJsonFile.json
[DEBUG] 2020-03-05 14:38:13 - SentrifugoDev.CommonLip.LogUtil Read all data from Json file LeaveRequestTabJsonFile.json
[DEBUG] 2020-03-05 14:38:17 - SentrifugoDev.CommonLip.LogUtil **********Starting execution of a new test**********
[DEBUG] 2020-03-05 14:38:17 - SentrifugoDev.CommonLip.LogUtil Opened Chrome browser
[DEBUG] 2020-03-05 14:38:17 - SentrifugoDev.CommonLip.LogUtil Navigating to http://sentrifugo-prerelease.jetsoftpro.com/
[DEBUG] 2020-03-05 14:38:17 - SentrifugoDev.CommonLip.LogUtil Filled in Email field with data:EMPP0025
[DEBUG] 2020-03-05 14:38:17 - SentrifugoDev.CommonLip.LogUtil Filled in Password field with data:Asdf*2810
[DEBUG] 2020-03-05 14:38:18 - SentrifugoDev.CommonLip.LogUtil Clicked on Login button
[DEBUG] 2020-03-05 14:38:18 - SentrifugoDev.CommonLip.LogUtil Login to system with Empolyee role
[DEBUG] 2020-03-05 14:38:18 - SentrifugoDev.CommonLip.LogUtil Waiting for Home page 
[DEBUG] 2020-03-05 14:38:18 - SentrifugoDev.CommonLip.LogUtil Go to Self Service page
[DEBUG] 2020-03-05 14:38:19 - SentrifugoDev.CommonLip.LogUtil Clicked on Leave Request button in Self Service Menu
[DEBUG] 2020-03-05 14:38:19 - SentrifugoDev.CommonLip.LogUtil Clicked on 'Apply Leave' button in Leave Request tab
[DEBUG] 2020-03-05 14:38:19 - SentrifugoDev.CommonLip.LogUtil Clicked on 'Leave Type' DropDown
[DEBUG] 2020-03-05 14:38:19 - SentrifugoDev.CommonLip.LogUtil Clicked on Sick Leave option in 'Leave Type'
[DEBUG] 2020-03-05 14:38:20 - SentrifugoDev.CommonLip.LogUtil Clicked on 'To' field of Leave Request form in Leave Request tab
[DEBUG] 2020-03-05 14:38:20 - SentrifugoDev.CommonLip.LogUtil Selected the date 1in 'From' field in the Create: Leave request Form
[DEBUG] 2020-03-05 14:38:20 - SentrifugoDev.CommonLip.LogUtil Getting text from error message for 'To' field  in the Create: Leave request Form
[DEBUG] 2020-03-05 14:38:20 - SentrifugoDev.CommonLip.LogUtil Clicked on 'To' field of Leave Request form in Leave Request tab
[DEBUG] 2020-03-05 14:38:20 - SentrifugoDev.CommonLip.LogUtil Selected the date 12in 'From' field in the Create: Leave request Form
[DEBUG] 2020-03-05 14:38:21 - SentrifugoDev.CommonLip.LogUtil Clicked on 'From' field of Leave Request form in Leave Request tab
[DEBUG] 2020-03-05 14:38:21 - SentrifugoDev.CommonLip.LogUtil Selected the date 15in 'From' field in the Create: Leave request Form
[DEBUG] 2020-03-05 14:38:21 - SentrifugoDev.CommonLip.LogUtil Getting text from error message for 'From' field  in the Create: Leave request Form
[DEBUG] 2020-03-05 14:38:22 - SentrifugoDev.CommonLip.LogUtil Clicked on 'Close' button of Leave Request form in Leave Request tab
[DEBUG] 2020-03-05 14:38:22 - SentrifugoDev.CommonLip.LogUtil Waiting till the new password is sending 
[DEBUG] 2020-03-05 14:38:22 - SentrifugoDev.CommonLip.LogUtil Clicked on 'User Menu' DropDown
[DEBUG] 2020-03-05 14:38:22 - SentrifugoDev.CommonLip.LogUtil Clicked on Logout option in 'User Menu'
[DEBUG] 2020-03-05 14:38:22 - SentrifugoDev.CommonLip.LogUtil Waiting for Login page
[DEBUG] 2020-03-05 14:38:22 - SentrifugoDev.CommonLip.LogUtil Close Chrome browser
[DEBUG] 2020-03-05 14:38:28 - SentrifugoDev.CommonLip.LogUtil Read all data from Json file LoginJsonFile.json
[DEBUG] 2020-03-05 14:38:28 - SentrifugoDev.CommonLip.LogUtil Read all data from Json file UserProfileJsonFile.json
[DEBUG] 2020-03-05 14:38:28 - SentrifugoDev.CommonLip.LogUtil Read all data from Json file LeaveRequestTabJsonFile.json
[DEBUG] 2020-03-05 14:38:32 - SentrifugoDev.CommonLip.LogUtil **********Starting execution of a new test**********
[DEBUG] 2020-03-05 14:38:32 - SentrifugoDev.CommonLip.LogUtil Opened Chrome browser
[DEBUG] 2020-03-05 14:38:32 - SentrifugoDev.CommonLip.LogUtil Navigating to http://sentrifugo-prerelease.jetsoftpro.com/
[DEBUG] 2020-03-05 14:38:32 - SentrifugoDev.CommonLip.LogUtil Filled in Email field with data:EMPP0025
[DEBUG] 2020-03-05 14:38:32 - SentrifugoDev.CommonLip.LogUtil Filled in Password field with data:Asdf*2810
[DEBUG] 2020-03-05 14:38:33 - SentrifugoDev.CommonLip.LogUtil Clicked on Login button
[DEBUG] 2020-03-05 14:38:33 - SentrifugoDev.CommonLip.LogUtil Login to system with Empolyee role
[DEBUG] 2020-03-05 14:38:33 - SentrifugoDev.CommonLip.LogUtil Waiting for Home page 
[DEBUG] 2020-03-05 14:38:33 - SentrifugoDev.CommonLip.LogUtil Go to Self Service page
[DEBUG] 2020-03-05 14:38:34 - SentrifugoDev.CommonLip.LogUtil Clicked on Leave Request button in Self Service Menu
[DEBUG] 2020-03-05 14:38:35 - SentrifugoDev.CommonLip.LogUtil Select vacation from 4th till 7th
[DEBUG] 2020-03-05 14:38:35 - SentrifugoDev.CommonLip.LogUtil Clicked on 'Leave Type' DropDown
[DEBUG] 2020-03-05 14:38:35 - SentrifugoDev.CommonLip.LogUtil Clicked on Sick Leave option in 'Leave Type'
[DEBUG] 2020-03-05 14:38:35 - SentrifugoDev.CommonLip.LogUtil Filled in Reason field in the Create: Leave request Form with data: TwoLeaves
[DEBUG] 2020-03-05 14:38:35 - SentrifugoDev.CommonLip.LogUtil Clicked on 'From' field of Leave Request form in Leave Request tab
[DEBUG] 2020-03-05 14:38:35 - SentrifugoDev.CommonLip.LogUtil Clicked on 'Year' DropDown of Date Picker Calendar
[DEBUG] 2020-03-05 14:38:36 - SentrifugoDev.CommonLip.LogUtil Clicked on Next Year option in 'Year' dropdown of Date Picker Calendar
[DEBUG] 2020-03-05 14:38:36 - SentrifugoDev.CommonLip.LogUtil Clicked on 'From' field of Leave Request form in Leave Request tab
[DEBUG] 2020-03-05 14:38:36 - SentrifugoDev.CommonLip.LogUtil Selected the date 10in 'From' field in the Create: Leave request Form
[DEBUG] 2020-03-05 14:38:36 - SentrifugoDev.CommonLip.LogUtil Clicked on 'To' field of Leave Request form in Leave Request tab
[DEBUG] 2020-03-05 14:38:36 - SentrifugoDev.CommonLip.LogUtil Clicked on 'Year' DropDown of Date Picker Calendar
[DEBUG] 2020-03-05 14:38:36 - SentrifugoDev.CommonLip.LogUtil Clicked on Next Year option in 'Year' dropdown of Date Picker Calendar
[DEBUG] 2020-03-05 14:38:36 - SentrifugoDev.CommonLip.LogUtil Clicked on 'To' field of Leave Request form in Leave Request tab
[DEBUG] 2020-03-05 14:38:36 - SentrifugoDev.CommonLip.LogUtil Selected the date 10in 'From' field in the Create: Leave request Form
[DEBUG] 2020-03-05 14:38:36 - SentrifugoDev.CommonLip.LogUtil Getting text from error message for 'From' field  in the Create: Leave request Form
[DEBUG] 2020-03-05 14:38:36 - SentrifugoDev.CommonLip.LogUtil Getting text from error message for 'To' field  in the Create: Leave request Form
[DEBUG] 2020-03-05 14:38:36 - SentrifugoDev.CommonLip.LogUtil Clicked on 'Close' button of Leave Request form in Leave Request tab
[DEBUG] 2020-03-05 14:38:36 - SentrifugoDev.CommonLip.LogUtil Waiting till the new password is sending 
[DEBUG] 2020-03-05 14:38:36 - SentrifugoDev.CommonLip.LogUtil Clicked on 'User Menu' DropDown
[DEBUG] 2020-03-05 14:38:37 - SentrifugoDev.CommonLip.LogUtil Clicked on Logout option in 'User Menu'
[DEBUG] 2020-03-05 14:38:37 - SentrifugoDev.CommonLip.LogUtil Waiting for Login page
[DEBUG] 2020-03-05 14:38:37 - SentrifugoDev.CommonLip.LogUtil Close Chrome browser
